2026-04-11 14:19:46,874 | INFO | fomc_fetcher | Fetching FOMC calendar from https://www.federalreserve.gov/monetarypolicy/fomccalendars.htm ...
2026-04-11 14:19:48,609 | INFO | fomc_fetcher |   Found 0 FOMC meetings in range 2000-01-01 → 2026-04-11
2026-04-11 14:19:48,609 | WARNING | fomc_fetcher | No FOMC documents fetched.
2026-04-11 14:19:48,609 | WARNING | fomc_fetcher | FOMC fetcher returned empty DataFrame.
2026-04-12 21:05:33,725 | INFO | fomc_fetcher | Fetching FOMC calendar from https://www.federalreserve.gov/monetarypolicy/fomccalendars.htm ...
2026-04-12 21:05:35,495 | INFO | fomc_fetcher |   Found 0 FOMC meetings in range 2000-01-01 → 2026-04-12
2026-04-12 21:05:35,495 | WARNING | fomc_fetcher | No FOMC documents fetched.
2026-04-12 21:05:35,496 | WARNING | fomc_fetcher | FOMC fetcher returned empty DataFrame.
2026-04-12 21:10:49,244 | INFO | fomc_fetcher | Fetching FOMC calendar: https://www.federalreserve.gov/monetarypolicy/fomccalendars.htm
2026-04-12 21:10:51,483 | INFO | fomc_fetcher |   Found 85 FOMC documents in 2000-01-01 → 2026-04-12
2026-04-12 21:10:51,483 | INFO | fomc_fetcher |   [1/85] statement 2026-01-28 ...
2026-04-12 21:10:53,664 | INFO | fomc_fetcher |   [2/85] minutes 2026-01-28 ...
2026-04-12 21:10:55,891 | INFO | fomc_fetcher |   [3/85] statement 2026-03-18 ...
2026-04-12 21:10:58,078 | INFO | fomc_fetcher |   [4/85] minutes 2026-03-18 ...
2026-04-12 21:11:00,238 | INFO | fomc_fetcher |   [5/85] statement 2025-01-29 ...
2026-04-12 21:11:02,454 | INFO | fomc_fetcher |   [6/85] minutes 2025-01-29 ...
2026-04-12 21:11:04,660 | INFO | fomc_fetcher |   [7/85] statement 2025-03-19 ...
2026-04-12 21:11:06,878 | INFO | fomc_fetcher |   [8/85] minutes 2025-03-19 ...
2026-04-12 21:11:09,066 | INFO | fomc_fetcher |   [9/85] statement 2025-05-07 ...
2026-04-12 21:11:11,265 | INFO | fomc_fetcher |   [10/85] minutes 2025-05-07 ...
2026-04-12 21:11:13,490 | INFO | fomc_fetcher |   [11/85] statement 2025-06-18 ...
2026-04-12 21:11:15,670 | INFO | fomc_fetcher |   [12/85] minutes 2025-06-18 ...
2026-04-12 21:11:17,905 | INFO | fomc_fetcher |   [13/85] statement 2025-07-30 ...
2026-04-12 21:11:20,113 | INFO | fomc_fetcher |   [14/85] minutes 2025-07-30 ...
2026-04-12 21:11:22,321 | INFO | fomc_fetcher |   [15/85] statement 2025-08-22 ...
2026-04-12 21:11:24,533 | INFO | fomc_fetcher |   [16/85] statement 2025-09-17 ...
2026-04-12 21:11:26,756 | INFO | fomc_fetcher |   [17/85] minutes 2025-09-17 ...
2026-04-12 21:11:28,972 | INFO | fomc_fetcher |   [18/85] statement 2025-10-29 ...
2026-04-12 21:11:31,217 | INFO | fomc_fetcher |   [19/85] minutes 2025-10-29 ...
2026-04-12 21:11:33,473 | INFO | fomc_fetcher |   [20/85] statement 2025-12-10 ...
2026-04-12 21:11:35,691 | INFO | fomc_fetcher |   [21/85] minutes 2025-12-10 ...
2026-04-12 21:11:37,905 | INFO | fomc_fetcher |   [22/85] statement 2024-01-31 ...
2026-04-12 21:11:40,142 | INFO | fomc_fetcher |   [23/85] minutes 2024-01-31 ...
2026-04-12 21:11:42,374 | INFO | fomc_fetcher |   [24/85] statement 2024-03-20 ...
2026-04-12 21:11:44,622 | INFO | fomc_fetcher |   [25/85] minutes 2024-03-20 ...
2026-04-12 21:11:46,849 | INFO | fomc_fetcher |   [26/85] statement 2024-05-01 ...
2026-04-12 21:11:49,081 | INFO | fomc_fetcher |   [27/85] minutes 2024-05-01 ...
2026-04-12 21:11:51,336 | INFO | fomc_fetcher |   [28/85] statement 2024-06-12 ...
2026-04-12 21:11:53,552 | INFO | fomc_fetcher |   [29/85] minutes 2024-06-12 ...
2026-04-12 21:11:55,817 | INFO | fomc_fetcher |   [30/85] statement 2024-07-31 ...
2026-04-12 21:11:58,055 | INFO | fomc_fetcher |   [31/85] minutes 2024-07-31 ...
2026-04-12 21:12:00,303 | INFO | fomc_fetcher |   [32/85] statement 2024-09-18 ...
2026-04-12 21:12:02,527 | INFO | fomc_fetcher |   [33/85] minutes 2024-09-18 ...
2026-04-12 21:12:04,772 | INFO | fomc_fetcher |   [34/85] statement 2024-11-07 ...
2026-04-12 21:12:07,011 | INFO | fomc_fetcher |   [35/85] minutes 2024-11-07 ...
2026-04-12 21:12:09,267 | INFO | fomc_fetcher |   [36/85] statement 2024-12-18 ...
2026-04-12 21:12:11,496 | INFO | fomc_fetcher |   [37/85] minutes 2024-12-18 ...
2026-04-12 21:12:13,736 | INFO | fomc_fetcher |   [38/85] statement 2023-02-01 ...
2026-04-12 21:12:15,962 | INFO | fomc_fetcher |   [39/85] minutes 2023-02-01 ...
2026-04-12 21:12:18,188 | INFO | fomc_fetcher |   [40/85] statement 2023-03-22 ...
2026-04-12 21:12:20,445 | INFO | fomc_fetcher |   [41/85] minutes 2023-03-22 ...
2026-04-12 21:12:22,681 | INFO | fomc_fetcher |   [42/85] statement 2023-05-03 ...
2026-04-12 21:12:24,935 | INFO | fomc_fetcher |   [43/85] minutes 2023-05-03 ...
2026-04-12 21:12:27,158 | INFO | fomc_fetcher |   [44/85] statement 2023-06-14 ...
2026-04-12 21:12:29,389 | INFO | fomc_fetcher |   [45/85] minutes 2023-06-14 ...
2026-04-12 21:12:31,623 | INFO | fomc_fetcher |   [46/85] statement 2023-07-26 ...
2026-04-12 21:12:33,856 | INFO | fomc_fetcher |   [47/85] minutes 2023-07-26 ...
2026-04-12 21:12:36,085 | INFO | fomc_fetcher |   [48/85] statement 2023-09-20 ...
2026-04-12 21:12:38,293 | INFO | fomc_fetcher |   [49/85] minutes 2023-09-20 ...
2026-04-12 21:12:40,530 | INFO | fomc_fetcher |   [50/85] statement 2023-11-01 ...
2026-04-12 21:12:42,749 | INFO | fomc_fetcher |   [51/85] minutes 2023-11-01 ...
2026-04-12 21:12:44,993 | INFO | fomc_fetcher |   [52/85] statement 2023-12-13 ...
2026-04-12 21:12:47,222 | INFO | fomc_fetcher |   [53/85] minutes 2023-12-13 ...
2026-04-12 21:12:49,435 | INFO | fomc_fetcher |   [54/85] statement 2022-01-26 ...
2026-04-12 21:12:51,673 | INFO | fomc_fetcher |   [55/85] minutes 2022-01-26 ...
2026-04-12 21:12:53,923 | INFO | fomc_fetcher |   [56/85] statement 2022-03-16 ...
2026-04-12 21:12:56,152 | INFO | fomc_fetcher |   [57/85] minutes 2022-03-16 ...
2026-04-12 21:12:58,382 | INFO | fomc_fetcher |   [58/85] statement 2022-05-04 ...
2026-04-12 21:13:00,597 | INFO | fomc_fetcher |   [59/85] minutes 2022-05-04 ...
2026-04-12 21:13:02,790 | INFO | fomc_fetcher |   [60/85] statement 2022-06-15 ...
2026-04-12 21:13:04,995 | INFO | fomc_fetcher |   [61/85] minutes 2022-06-15 ...
2026-04-12 21:13:07,236 | INFO | fomc_fetcher |   [62/85] statement 2022-07-27 ...
2026-04-12 21:13:09,440 | INFO | fomc_fetcher |   [63/85] minutes 2022-07-27 ...
2026-04-12 21:13:11,672 | INFO | fomc_fetcher |   [64/85] statement 2022-09-21 ...
2026-04-12 21:13:13,876 | INFO | fomc_fetcher |   [65/85] minutes 2022-09-21 ...
2026-04-12 21:13:16,127 | INFO | fomc_fetcher |   [66/85] statement 2022-11-02 ...
2026-04-12 21:13:18,327 | INFO | fomc_fetcher |   [67/85] minutes 2022-11-02 ...
2026-04-12 21:13:20,567 | INFO | fomc_fetcher |   [68/85] statement 2022-12-14 ...
2026-04-12 21:13:23,013 | INFO | fomc_fetcher |   [69/85] minutes 2022-12-14 ...
2026-04-12 21:13:25,213 | INFO | fomc_fetcher |   [70/85] statement 2021-01-27 ...
2026-04-12 21:13:27,421 | INFO | fomc_fetcher |   [71/85] minutes 2021-01-27 ...
2026-04-12 21:13:29,642 | INFO | fomc_fetcher |   [72/85] statement 2021-03-17 ...
2026-04-12 21:13:31,855 | INFO | fomc_fetcher |   [73/85] minutes 2021-03-17 ...
2026-04-12 21:13:34,100 | INFO | fomc_fetcher |   [74/85] statement 2021-04-28 ...
2026-04-12 21:13:36,323 | INFO | fomc_fetcher |   [75/85] minutes 2021-04-28 ...
2026-04-12 21:13:38,576 | INFO | fomc_fetcher |   [76/85] statement 2021-06-16 ...
2026-04-12 21:13:40,773 | INFO | fomc_fetcher |   [77/85] minutes 2021-06-16 ...
2026-04-12 21:13:42,997 | INFO | fomc_fetcher |   [78/85] statement 2021-07-28 ...
2026-04-12 21:13:45,204 | INFO | fomc_fetcher |   [79/85] minutes 2021-07-28 ...
2026-04-12 21:13:47,420 | INFO | fomc_fetcher |   [80/85] statement 2021-09-22 ...
2026-04-12 21:13:49,652 | INFO | fomc_fetcher |   [81/85] minutes 2021-09-22 ...
2026-04-12 21:13:51,896 | INFO | fomc_fetcher |   [82/85] statement 2021-11-03 ...
2026-04-12 21:13:54,090 | INFO | fomc_fetcher |   [83/85] minutes 2021-11-03 ...
2026-04-12 21:13:56,289 | INFO | fomc_fetcher |   [84/85] statement 2021-12-15 ...
2026-04-12 21:13:58,511 | INFO | fomc_fetcher |   [85/85] minutes 2021-12-15 ...
2026-04-12 21:14:00,853 | INFO | fomc_fetcher | FOMC done — 85 documents at data/raw/fomc/2026-04-13_fomc_documents.parquet
2026-04-19 14:26:19,216 | INFO | fomc_fetcher | Fetching FOMC calendar: https://www.federalreserve.gov/monetarypolicy/fomccalendars.htm
2026-04-19 14:26:22,492 | INFO | fomc_fetcher |   Found 85 FOMC documents in 2000-01-01 → 2026-04-19
2026-04-19 14:26:22,492 | INFO | fomc_fetcher |   Historical FOMC 2006: https://www.federalreserve.gov/newsevents/pressreleases/2006fomc.htm
2026-04-19 14:26:25,544 | WARNING | fomc_fetcher |   Could not load 2006: 404 Client Error: Not Found for url: https://www.federalreserve.gov/newsevents/pressreleases/2006fomc.htm
2026-04-19 14:26:25,547 | INFO | fomc_fetcher |   Historical FOMC 2007: https://www.federalreserve.gov/newsevents/pressreleases/2007fomc.htm
2026-04-19 14:26:28,250 | WARNING | fomc_fetcher |   Could not load 2007: 404 Client Error: Not Found for url: https://www.federalreserve.gov/newsevents/pressreleases/2007fomc.htm
2026-04-19 14:26:28,254 | INFO | fomc_fetcher |   Historical FOMC 2008: https://www.federalreserve.gov/newsevents/pressreleases/2008fomc.htm
2026-04-19 14:26:30,704 | WARNING | fomc_fetcher |   Could not load 2008: 404 Client Error: Not Found for url: https://www.federalreserve.gov/newsevents/pressreleases/2008fomc.htm
2026-04-19 14:26:30,707 | INFO | fomc_fetcher |   Historical FOMC 2009: https://www.federalreserve.gov/newsevents/pressreleases/2009fomc.htm
2026-04-19 14:26:33,483 | WARNING | fomc_fetcher |   Could not load 2009: 404 Client Error: Not Found for url: https://www.federalreserve.gov/newsevents/pressreleases/2009fomc.htm
2026-04-19 14:26:33,486 | INFO | fomc_fetcher |   Historical FOMC 2010: https://www.federalreserve.gov/newsevents/pressreleases/2010fomc.htm
2026-04-19 14:26:36,705 | WARNING | fomc_fetcher |   Could not load 2010: 404 Client Error: Not Found for url: https://www.federalreserve.gov/newsevents/pressreleases/2010fomc.htm
2026-04-19 14:26:36,708 | INFO | fomc_fetcher |   Historical FOMC 2011: https://www.federalreserve.gov/newsevents/pressreleases/2011fomc.htm
2026-04-19 14:26:39,178 | WARNING | fomc_fetcher |   Could not load 2011: 404 Client Error: Not Found for url: https://www.federalreserve.gov/newsevents/pressreleases/2011fomc.htm
2026-04-19 14:26:39,181 | INFO | fomc_fetcher |   Historical FOMC 2012: https://www.federalreserve.gov/newsevents/pressreleases/2012fomc.htm
2026-04-19 14:26:41,650 | WARNING | fomc_fetcher |   Could not load 2012: 404 Client Error: Not Found for url: https://www.federalreserve.gov/newsevents/pressreleases/2012fomc.htm
2026-04-19 14:26:41,652 | INFO | fomc_fetcher |   Historical FOMC 2013: https://www.federalreserve.gov/newsevents/pressreleases/2013fomc.htm
2026-04-19 14:26:44,133 | WARNING | fomc_fetcher |   Could not load 2013: 404 Client Error: Not Found for url: https://www.federalreserve.gov/newsevents/pressreleases/2013fomc.htm
2026-04-19 14:26:44,136 | INFO | fomc_fetcher |   Historical FOMC 2014: https://www.federalreserve.gov/newsevents/pressreleases/2014fomc.htm
2026-04-19 14:26:46,612 | WARNING | fomc_fetcher |   Could not load 2014: 404 Client Error: Not Found for url: https://www.federalreserve.gov/newsevents/pressreleases/2014fomc.htm
2026-04-19 14:26:46,615 | INFO | fomc_fetcher |   Historical FOMC 2015: https://www.federalreserve.gov/newsevents/pressreleases/2015fomc.htm
2026-04-19 14:26:49,238 | WARNING | fomc_fetcher |   Could not load 2015: 404 Client Error: Not Found for url: https://www.federalreserve.gov/newsevents/pressreleases/2015fomc.htm
2026-04-19 14:26:49,241 | INFO | fomc_fetcher |   Historical FOMC 2016: https://www.federalreserve.gov/newsevents/pressreleases/2016fomc.htm
2026-04-19 14:26:51,552 | WARNING | fomc_fetcher |   Could not load 2016: 404 Client Error: Not Found for url: https://www.federalreserve.gov/newsevents/pressreleases/2016fomc.htm
2026-04-19 14:26:51,555 | INFO | fomc_fetcher |   Historical FOMC 2017: https://www.federalreserve.gov/newsevents/pressreleases/2017fomc.htm
2026-04-19 14:26:54,168 | WARNING | fomc_fetcher |   Could not load 2017: 404 Client Error: Not Found for url: https://www.federalreserve.gov/newsevents/pressreleases/2017fomc.htm
2026-04-19 14:26:54,171 | INFO | fomc_fetcher |   Historical FOMC 2018: https://www.federalreserve.gov/newsevents/pressreleases/2018fomc.htm
2026-04-19 14:26:56,474 | WARNING | fomc_fetcher |   Could not load 2018: 404 Client Error: Not Found for url: https://www.federalreserve.gov/newsevents/pressreleases/2018fomc.htm
2026-04-19 14:26:56,477 | INFO | fomc_fetcher |   Historical FOMC 2019: https://www.federalreserve.gov/newsevents/pressreleases/2019fomc.htm
2026-04-19 14:26:58,928 | WARNING | fomc_fetcher |   Could not load 2019: 404 Client Error: Not Found for url: https://www.federalreserve.gov/newsevents/pressreleases/2019fomc.htm
2026-04-19 14:26:58,931 | INFO | fomc_fetcher |   Historical FOMC 2020: https://www.federalreserve.gov/newsevents/pressreleases/2020fomc.htm
2026-04-19 14:27:01,332 | WARNING | fomc_fetcher |   Could not load 2020: 404 Client Error: Not Found for url: https://www.federalreserve.gov/newsevents/pressreleases/2020fomc.htm
2026-04-19 14:27:01,335 | INFO | fomc_fetcher | Total FOMC documents to fetch: 85
2026-04-19 14:27:01,335 | INFO | fomc_fetcher |   [1/85] statement 2026-01-28 ...
2026-04-19 14:27:04,047 | INFO | fomc_fetcher |   [2/85] minutes 2026-01-28 ...
2026-04-19 14:27:06,411 | INFO | fomc_fetcher |   [3/85] statement 2026-03-18 ...
2026-04-19 14:27:08,884 | INFO | fomc_fetcher |   [4/85] minutes 2026-03-18 ...
2026-04-19 14:27:11,579 | INFO | fomc_fetcher |   [5/85] statement 2025-01-29 ...
2026-04-19 14:27:14,305 | INFO | fomc_fetcher |   [6/85] minutes 2025-01-29 ...
2026-04-19 14:27:16,922 | INFO | fomc_fetcher |   [7/85] statement 2025-03-19 ...
2026-04-19 14:27:19,325 | INFO | fomc_fetcher |   [8/85] minutes 2025-03-19 ...
2026-04-19 14:27:21,961 | INFO | fomc_fetcher |   [9/85] statement 2025-05-07 ...
2026-04-19 14:27:24,352 | INFO | fomc_fetcher |   [10/85] minutes 2025-05-07 ...
2026-04-19 14:27:26,865 | INFO | fomc_fetcher |   [11/85] statement 2025-06-18 ...
2026-04-19 14:27:29,329 | INFO | fomc_fetcher |   [12/85] minutes 2025-06-18 ...
2026-04-19 14:29:46,257 | INFO | fomc_fetcher | Fetching FOMC calendar: https://www.federalreserve.gov/monetarypolicy/fomccalendars.htm
2026-04-19 14:29:49,378 | INFO | fomc_fetcher |   Found 85 FOMC documents in 2000-01-01 → 2026-04-19
2026-04-19 14:29:49,379 | INFO | fomc_fetcher |   Historical FOMC: generated 346 document URLs for 2000-01-01 → 2026-04-19
2026-04-19 14:29:49,379 | INFO | fomc_fetcher | Total FOMC documents to fetch: 431
2026-04-19 14:29:49,379 | INFO | fomc_fetcher |   [1/431] statement 2026-01-28 ...
2026-04-19 14:29:52,419 | INFO | fomc_fetcher |   [2/431] minutes 2026-01-28 ...
2026-04-19 14:29:54,979 | INFO | fomc_fetcher |   [3/431] statement 2026-03-18 ...
2026-04-19 14:29:57,366 | INFO | fomc_fetcher |   [4/431] minutes 2026-03-18 ...
2026-04-19 14:30:00,088 | INFO | fomc_fetcher |   [5/431] statement 2025-01-29 ...
2026-04-19 14:30:02,867 | INFO | fomc_fetcher |   [6/431] minutes 2025-01-29 ...
2026-04-19 14:30:05,876 | INFO | fomc_fetcher |   [7/431] statement 2025-03-19 ...
2026-04-19 14:30:08,604 | INFO | fomc_fetcher |   [8/431] minutes 2025-03-19 ...
2026-04-19 14:30:11,087 | INFO | fomc_fetcher |   [9/431] statement 2025-05-07 ...
2026-04-19 14:30:14,347 | INFO | fomc_fetcher |   [10/431] minutes 2025-05-07 ...
2026-04-19 14:30:16,816 | INFO | fomc_fetcher |   [11/431] statement 2025-06-18 ...
2026-04-19 14:30:19,365 | INFO | fomc_fetcher |   [12/431] minutes 2025-06-18 ...
2026-04-19 14:30:22,258 | INFO | fomc_fetcher |   [13/431] statement 2025-07-30 ...
2026-04-19 14:30:25,002 | INFO | fomc_fetcher |   [14/431] minutes 2025-07-30 ...
2026-04-19 14:30:27,958 | INFO | fomc_fetcher |   [15/431] statement 2025-08-22 ...
2026-04-19 14:30:30,582 | INFO | fomc_fetcher |   [16/431] statement 2025-09-17 ...
2026-04-19 14:30:33,346 | INFO | fomc_fetcher |   [17/431] minutes 2025-09-17 ...
2026-04-19 14:30:36,110 | INFO | fomc_fetcher |   [18/431] statement 2025-10-29 ...
2026-04-19 14:30:38,824 | INFO | fomc_fetcher |   [19/431] minutes 2025-10-29 ...
2026-04-19 14:30:41,649 | INFO | fomc_fetcher |   [20/431] statement 2025-12-10 ...
2026-04-19 14:30:44,162 | INFO | fomc_fetcher |   [21/431] minutes 2025-12-10 ...
2026-04-19 14:30:46,731 | INFO | fomc_fetcher |   [22/431] statement 2024-01-31 ...
2026-04-19 14:30:48,992 | INFO | fomc_fetcher |   [23/431] minutes 2024-01-31 ...
2026-04-19 14:30:51,986 | INFO | fomc_fetcher |   [24/431] statement 2024-03-20 ...
2026-04-19 14:30:54,772 | INFO | fomc_fetcher |   [25/431] minutes 2024-03-20 ...
2026-04-19 14:30:57,745 | INFO | fomc_fetcher |   [26/431] statement 2024-05-01 ...
2026-04-19 14:31:02,651 | INFO | fomc_fetcher |   [27/431] minutes 2024-05-01 ...
2026-04-19 14:31:05,408 | INFO | fomc_fetcher |   [28/431] statement 2024-06-12 ...
2026-04-19 14:31:08,082 | INFO | fomc_fetcher |   [29/431] minutes 2024-06-12 ...
2026-04-19 14:31:10,979 | INFO | fomc_fetcher |   [30/431] statement 2024-07-31 ...
2026-04-19 14:31:15,257 | INFO | fomc_fetcher |   [31/431] minutes 2024-07-31 ...
2026-04-19 14:31:17,842 | INFO | fomc_fetcher |   [32/431] statement 2024-09-18 ...
2026-04-19 14:31:20,601 | INFO | fomc_fetcher |   [33/431] minutes 2024-09-18 ...
2026-04-19 14:31:23,130 | INFO | fomc_fetcher |   [34/431] statement 2024-11-07 ...
2026-04-19 14:31:26,540 | INFO | fomc_fetcher |   [35/431] minutes 2024-11-07 ...
2026-04-19 14:31:28,937 | INFO | fomc_fetcher |   [36/431] statement 2024-12-18 ...
2026-04-19 14:31:31,609 | INFO | fomc_fetcher |   [37/431] minutes 2024-12-18 ...
2026-04-19 14:31:35,001 | INFO | fomc_fetcher |   [38/431] statement 2023-02-01 ...
2026-04-19 14:31:37,429 | INFO | fomc_fetcher |   [39/431] minutes 2023-02-01 ...
2026-04-19 14:31:40,013 | INFO | fomc_fetcher |   [40/431] statement 2023-03-22 ...
2026-04-19 14:31:43,126 | INFO | fomc_fetcher |   [41/431] minutes 2023-03-22 ...
2026-04-19 14:31:45,673 | INFO | fomc_fetcher |   [42/431] statement 2023-05-03 ...
2026-04-19 14:31:48,557 | INFO | fomc_fetcher |   [43/431] minutes 2023-05-03 ...
2026-04-19 14:31:51,359 | INFO | fomc_fetcher |   [44/431] statement 2023-06-14 ...
2026-04-19 14:31:53,934 | INFO | fomc_fetcher |   [45/431] minutes 2023-06-14 ...
2026-04-19 14:31:56,435 | INFO | fomc_fetcher |   [46/431] statement 2023-07-26 ...
2026-04-19 14:31:59,091 | INFO | fomc_fetcher |   [47/431] minutes 2023-07-26 ...
2026-04-19 14:32:01,432 | INFO | fomc_fetcher |   [48/431] statement 2023-09-20 ...
2026-04-19 14:32:05,300 | INFO | fomc_fetcher |   [49/431] minutes 2023-09-20 ...
2026-04-19 14:32:08,178 | INFO | fomc_fetcher |   [50/431] statement 2023-11-01 ...
2026-04-19 14:32:11,192 | INFO | fomc_fetcher |   [51/431] minutes 2023-11-01 ...
2026-04-19 14:32:13,933 | INFO | fomc_fetcher |   [52/431] statement 2023-12-13 ...
2026-04-19 14:32:16,798 | INFO | fomc_fetcher |   [53/431] minutes 2023-12-13 ...
2026-04-19 14:32:19,268 | INFO | fomc_fetcher |   [54/431] statement 2022-01-26 ...
2026-04-19 14:32:22,340 | INFO | fomc_fetcher |   [55/431] minutes 2022-01-26 ...
2026-04-19 14:32:25,471 | INFO | fomc_fetcher |   [56/431] statement 2022-03-16 ...
2026-04-19 14:32:28,667 | INFO | fomc_fetcher |   [57/431] minutes 2022-03-16 ...
2026-04-19 14:32:31,258 | INFO | fomc_fetcher |   [58/431] statement 2022-05-04 ...
2026-04-19 14:32:34,287 | INFO | fomc_fetcher |   [59/431] minutes 2022-05-04 ...
2026-04-19 14:32:36,812 | INFO | fomc_fetcher |   [60/431] statement 2022-06-15 ...
2026-04-19 14:32:39,782 | INFO | fomc_fetcher |   [61/431] minutes 2022-06-15 ...
2026-04-19 14:32:42,910 | INFO | fomc_fetcher |   [62/431] statement 2022-07-27 ...
2026-04-19 14:32:46,598 | INFO | fomc_fetcher |   [63/431] minutes 2022-07-27 ...
2026-04-19 14:32:49,217 | INFO | fomc_fetcher |   [64/431] statement 2022-09-21 ...
2026-04-19 14:32:51,684 | INFO | fomc_fetcher |   [65/431] minutes 2022-09-21 ...
2026-04-19 14:32:54,928 | INFO | fomc_fetcher |   [66/431] statement 2022-11-02 ...
2026-04-19 14:32:57,688 | INFO | fomc_fetcher |   [67/431] minutes 2022-11-02 ...
2026-04-19 14:33:00,799 | INFO | fomc_fetcher |   [68/431] statement 2022-12-14 ...
2026-04-19 14:33:03,256 | INFO | fomc_fetcher |   [69/431] minutes 2022-12-14 ...
2026-04-19 14:33:05,894 | INFO | fomc_fetcher |   [70/431] statement 2021-01-27 ...
2026-04-19 14:33:08,376 | INFO | fomc_fetcher |   [71/431] minutes 2021-01-27 ...
2026-04-19 14:33:10,935 | INFO | fomc_fetcher |   [72/431] statement 2021-03-17 ...
2026-04-19 14:33:14,339 | INFO | fomc_fetcher |   [73/431] minutes 2021-03-17 ...
2026-04-19 14:33:16,991 | INFO | fomc_fetcher |   [74/431] statement 2021-04-28 ...
2026-04-19 14:33:19,451 | INFO | fomc_fetcher |   [75/431] minutes 2021-04-28 ...
2026-04-19 14:33:22,457 | INFO | fomc_fetcher |   [76/431] statement 2021-06-16 ...
2026-04-19 14:33:25,369 | INFO | fomc_fetcher |   [77/431] minutes 2021-06-16 ...
2026-04-19 14:33:28,296 | INFO | fomc_fetcher |   [78/431] statement 2021-07-28 ...
2026-04-19 14:33:30,720 | INFO | fomc_fetcher |   [79/431] minutes 2021-07-28 ...
2026-04-19 14:33:33,583 | INFO | fomc_fetcher |   [80/431] statement 2021-09-22 ...
2026-04-19 14:33:37,504 | INFO | fomc_fetcher |   [81/431] minutes 2021-09-22 ...
2026-04-19 14:33:41,544 | INFO | fomc_fetcher |   [82/431] statement 2021-11-03 ...
2026-04-19 14:33:44,040 | INFO | fomc_fetcher |   [83/431] minutes 2021-11-03 ...
2026-04-19 14:33:46,504 | INFO | fomc_fetcher |   [84/431] statement 2021-12-15 ...
2026-04-19 14:33:49,484 | INFO | fomc_fetcher |   [85/431] minutes 2021-12-15 ...
2026-04-19 14:33:52,259 | INFO | fomc_fetcher |   [86/431] statement 2000-02-02 ...
2026-04-19 14:33:55,396 | ERROR | fomc_fetcher |   Failed fomc_statement_20000202: 404 Client Error: Not Found for url: https://www.federalreserve.gov/newsevents/pressreleases/monetary20000202a.htm
2026-04-19 14:33:55,399 | INFO | fomc_fetcher |   [87/431] minutes 2000-02-02 ...
2026-04-19 14:33:58,160 | ERROR | fomc_fetcher |   Failed fomc_minutes_20000202: 404 Client Error: Not Found for url: https://www.federalreserve.gov/monetarypolicy/fomcminutes20000202.htm
2026-04-19 14:33:58,163 | INFO | fomc_fetcher |   [88/431] statement 2000-03-21 ...
2026-04-19 14:34:01,128 | ERROR | fomc_fetcher |   Failed fomc_statement_20000321: 404 Client Error: Not Found for url: https://www.federalreserve.gov/newsevents/pressreleases/monetary20000321a.htm
2026-04-19 14:34:01,131 | INFO | fomc_fetcher |   [89/431] minutes 2000-03-21 ...
2026-04-19 14:34:03,793 | ERROR | fomc_fetcher |   Failed fomc_minutes_20000321: 404 Client Error: Not Found for url: https://www.federalreserve.gov/monetarypolicy/fomcminutes20000321.htm
2026-04-19 14:34:03,796 | INFO | fomc_fetcher |   [90/431] statement 2000-05-16 ...
2026-04-19 14:34:06,435 | ERROR | fomc_fetcher |   Failed fomc_statement_20000516: 404 Client Error: Not Found for url: https://www.federalreserve.gov/newsevents/pressreleases/monetary20000516a.htm
2026-04-19 14:34:06,438 | INFO | fomc_fetcher |   [91/431] minutes 2000-05-16 ...
2026-04-19 14:34:09,014 | ERROR | fomc_fetcher |   Failed fomc_minutes_20000516: 404 Client Error: Not Found for url: https://www.federalreserve.gov/monetarypolicy/fomcminutes20000516.htm
2026-04-19 14:34:09,017 | INFO | fomc_fetcher |   [92/431] statement 2000-06-28 ...
2026-04-19 14:34:11,716 | ERROR | fomc_fetcher |   Failed fomc_statement_20000628: 404 Client Error: Not Found for url: https://www.federalreserve.gov/newsevents/pressreleases/monetary20000628a.htm
2026-04-19 14:34:11,719 | INFO | fomc_fetcher |   [93/431] minutes 2000-06-28 ...
2026-04-19 14:34:14,543 | ERROR | fomc_fetcher |   Failed fomc_minutes_20000628: 404 Client Error: Not Found for url: https://www.federalreserve.gov/monetarypolicy/fomcminutes20000628.htm
2026-04-19 14:34:14,546 | INFO | fomc_fetcher |   [94/431] statement 2000-08-22 ...
2026-04-19 14:34:16,975 | ERROR | fomc_fetcher |   Failed fomc_statement_20000822: 404 Client Error: Not Found for url: https://www.federalreserve.gov/newsevents/pressreleases/monetary20000822a.htm
2026-04-19 14:34:16,978 | INFO | fomc_fetcher |   [95/431] minutes 2000-08-22 ...
2026-04-19 14:34:19,552 | ERROR | fomc_fetcher |   Failed fomc_minutes_20000822: 404 Client Error: Not Found for url: https://www.federalreserve.gov/monetarypolicy/fomcminutes20000822.htm
2026-04-19 14:34:19,556 | INFO | fomc_fetcher |   [96/431] statement 2000-10-03 ...
2026-04-19 14:34:22,936 | ERROR | fomc_fetcher |   Failed fomc_statement_20001003: 404 Client Error: Not Found for url: https://www.federalreserve.gov/newsevents/pressreleases/monetary20001003a.htm
2026-04-19 14:34:22,939 | INFO | fomc_fetcher |   [97/431] minutes 2000-10-03 ...
2026-04-19 14:34:25,910 | ERROR | fomc_fetcher |   Failed fomc_minutes_20001003: 404 Client Error: Not Found for url: https://www.federalreserve.gov/monetarypolicy/fomcminutes20001003.htm
2026-04-19 14:34:25,913 | INFO | fomc_fetcher |   [98/431] statement 2000-11-15 ...
2026-04-19 14:34:28,956 | ERROR | fomc_fetcher |   Failed fomc_statement_20001115: 404 Client Error: Not Found for url: https://www.federalreserve.gov/newsevents/pressreleases/monetary20001115a.htm
2026-04-19 14:34:28,960 | INFO | fomc_fetcher |   [99/431] minutes 2000-11-15 ...
2026-04-19 14:34:31,666 | ERROR | fomc_fetcher |   Failed fomc_minutes_20001115: 404 Client Error: Not Found for url: https://www.federalreserve.gov/monetarypolicy/fomcminutes20001115.htm
2026-04-19 14:34:31,669 | INFO | fomc_fetcher |   [100/431] statement 2000-12-19 ...
2026-04-19 14:34:34,275 | ERROR | fomc_fetcher |   Failed fomc_statement_20001219: 404 Client Error: Not Found for url: https://www.federalreserve.gov/newsevents/pressreleases/monetary20001219a.htm
2026-04-19 14:34:34,278 | INFO | fomc_fetcher |   [101/431] minutes 2000-12-19 ...
2026-04-19 14:34:37,481 | ERROR | fomc_fetcher |   Failed fomc_minutes_20001219: 404 Client Error: Not Found for url: https://www.federalreserve.gov/monetarypolicy/fomcminutes20001219.htm
2026-04-19 14:34:37,484 | INFO | fomc_fetcher |   [102/431] statement 2001-01-03 ...
2026-04-19 14:34:40,962 | ERROR | fomc_fetcher |   Failed fomc_statement_20010103: 404 Client Error: Not Found for url: https://www.federalreserve.gov/newsevents/pressreleases/monetary20010103a.htm
2026-04-19 14:34:40,965 | INFO | fomc_fetcher |   [103/431] minutes 2001-01-03 ...
2026-04-19 14:34:44,956 | ERROR | fomc_fetcher |   Failed fomc_minutes_20010103: 404 Client Error: Not Found for url: https://www.federalreserve.gov/monetarypolicy/fomcminutes20010103.htm
2026-04-19 14:34:44,958 | INFO | fomc_fetcher |   [104/431] statement 2001-01-31 ...
2026-04-19 14:34:47,515 | ERROR | fomc_fetcher |   Failed fomc_statement_20010131: 404 Client Error: Not Found for url: https://www.federalreserve.gov/newsevents/pressreleases/monetary20010131a.htm
2026-04-19 14:34:47,518 | INFO | fomc_fetcher |   [105/431] minutes 2001-01-31 ...
2026-04-19 14:34:50,380 | ERROR | fomc_fetcher |   Failed fomc_minutes_20010131: 404 Client Error: Not Found for url: https://www.federalreserve.gov/monetarypolicy/fomcminutes20010131.htm
2026-04-19 14:34:50,384 | INFO | fomc_fetcher |   [106/431] statement 2001-03-20 ...
2026-04-19 14:34:54,376 | ERROR | fomc_fetcher |   Failed fomc_statement_20010320: 404 Client Error: Not Found for url: https://www.federalreserve.gov/newsevents/pressreleases/monetary20010320a.htm
2026-04-19 14:34:54,379 | INFO | fomc_fetcher |   [107/431] minutes 2001-03-20 ...
2026-04-19 14:34:57,085 | ERROR | fomc_fetcher |   Failed fomc_minutes_20010320: 404 Client Error: Not Found for url: https://www.federalreserve.gov/monetarypolicy/fomcminutes20010320.htm
2026-04-19 14:34:57,088 | INFO | fomc_fetcher |   [108/431] statement 2001-05-18 ...
2026-04-19 14:35:01,968 | ERROR | fomc_fetcher |   Failed fomc_statement_20010518: 404 Client Error: Not Found for url: https://www.federalreserve.gov/newsevents/pressreleases/monetary20010518a.htm
2026-04-19 14:35:01,971 | INFO | fomc_fetcher |   [109/431] minutes 2001-05-18 ...
2026-04-19 14:35:04,615 | ERROR | fomc_fetcher |   Failed fomc_minutes_20010518: 404 Client Error: Not Found for url: https://www.federalreserve.gov/monetarypolicy/fomcminutes20010518.htm
2026-04-19 14:35:04,618 | INFO | fomc_fetcher |   [110/431] statement 2001-06-27 ...
2026-04-19 14:35:07,472 | ERROR | fomc_fetcher |   Failed fomc_statement_20010627: 404 Client Error: Not Found for url: https://www.federalreserve.gov/newsevents/pressreleases/monetary20010627a.htm
2026-04-19 14:35:07,475 | INFO | fomc_fetcher |   [111/431] minutes 2001-06-27 ...
2026-04-19 14:35:10,204 | ERROR | fomc_fetcher |   Failed fomc_minutes_20010627: 404 Client Error: Not Found for url: https://www.federalreserve.gov/monetarypolicy/fomcminutes20010627.htm
2026-04-19 14:35:10,207 | INFO | fomc_fetcher |   [112/431] statement 2001-08-21 ...
2026-04-19 14:35:12,910 | ERROR | fomc_fetcher |   Failed fomc_statement_20010821: 404 Client Error: Not Found for url: https://www.federalreserve.gov/newsevents/pressreleases/monetary20010821a.htm
2026-04-19 14:35:12,913 | INFO | fomc_fetcher |   [113/431] minutes 2001-08-21 ...
2026-04-19 14:35:15,308 | ERROR | fomc_fetcher |   Failed fomc_minutes_20010821: 404 Client Error: Not Found for url: https://www.federalreserve.gov/monetarypolicy/fomcminutes20010821.htm
2026-04-19 14:35:15,311 | INFO | fomc_fetcher |   [114/431] statement 2001-09-17 ...
2026-04-19 14:35:18,236 | ERROR | fomc_fetcher |   Failed fomc_statement_20010917: 404 Client Error: Not Found for url: https://www.federalreserve.gov/newsevents/pressreleases/monetary20010917a.htm
2026-04-19 14:35:18,239 | INFO | fomc_fetcher |   [115/431] minutes 2001-09-17 ...
2026-04-19 14:35:20,899 | ERROR | fomc_fetcher |   Failed fomc_minutes_20010917: 404 Client Error: Not Found for url: https://www.federalreserve.gov/monetarypolicy/fomcminutes20010917.htm
2026-04-19 14:35:20,901 | INFO | fomc_fetcher |   [116/431] statement 2001-10-02 ...
2026-04-19 14:35:23,657 | ERROR | fomc_fetcher |   Failed fomc_statement_20011002: 404 Client Error: Not Found for url: https://www.federalreserve.gov/newsevents/pressreleases/monetary20011002a.htm
2026-04-19 14:35:23,660 | INFO | fomc_fetcher |   [117/431] minutes 2001-10-02 ...
2026-04-19 14:39:20,304 | ERROR | fomc_fetcher |   Failed fomc_minutes_20011002: 404 Client Error: Not Found for url: https://www.federalreserve.gov/monetarypolicy/fomcminutes20011002.htm
2026-04-19 14:39:20,307 | INFO | fomc_fetcher |   [118/431] statement 2001-11-06 ...
2026-04-19 14:39:23,260 | ERROR | fomc_fetcher |   Failed fomc_statement_20011106: 404 Client Error: Not Found for url: https://www.federalreserve.gov/newsevents/pressreleases/monetary20011106a.htm
2026-04-19 14:39:23,261 | INFO | fomc_fetcher |   [119/431] minutes 2001-11-06 ...
2026-04-19 14:39:26,294 | ERROR | fomc_fetcher |   Failed fomc_minutes_20011106: 404 Client Error: Not Found for url: https://www.federalreserve.gov/monetarypolicy/fomcminutes20011106.htm
2026-04-19 14:39:26,297 | INFO | fomc_fetcher |   [120/431] statement 2001-12-11 ...
2026-04-19 14:39:28,723 | ERROR | fomc_fetcher |   Failed fomc_statement_20011211: 404 Client Error: Not Found for url: https://www.federalreserve.gov/newsevents/pressreleases/monetary20011211a.htm
2026-04-19 14:39:28,726 | INFO | fomc_fetcher |   [121/431] minutes 2001-12-11 ...
2026-04-19 14:39:32,909 | ERROR | fomc_fetcher |   Failed fomc_minutes_20011211: 404 Client Error: Not Found for url: https://www.federalreserve.gov/monetarypolicy/fomcminutes20011211.htm
2026-04-19 14:39:32,912 | INFO | fomc_fetcher |   [122/431] statement 2002-01-30 ...
2026-04-19 14:39:36,261 | ERROR | fomc_fetcher |   Failed fomc_statement_20020130: 404 Client Error: Not Found for url: https://www.federalreserve.gov/newsevents/pressreleases/monetary20020130a.htm
2026-04-19 14:39:36,264 | INFO | fomc_fetcher |   [123/431] minutes 2002-01-30 ...
2026-04-19 14:39:39,735 | ERROR | fomc_fetcher |   Failed fomc_minutes_20020130: 404 Client Error: Not Found for url: https://www.federalreserve.gov/monetarypolicy/fomcminutes20020130.htm
2026-04-19 14:39:39,738 | INFO | fomc_fetcher |   [124/431] statement 2002-03-19 ...
2026-04-19 14:39:42,369 | ERROR | fomc_fetcher |   Failed fomc_statement_20020319: 404 Client Error: Not Found for url: https://www.federalreserve.gov/newsevents/pressreleases/monetary20020319a.htm
2026-04-19 14:39:42,371 | INFO | fomc_fetcher |   [125/431] minutes 2002-03-19 ...
2026-04-19 14:39:45,363 | ERROR | fomc_fetcher |   Failed fomc_minutes_20020319: 404 Client Error: Not Found for url: https://www.federalreserve.gov/monetarypolicy/fomcminutes20020319.htm
2026-04-19 14:39:45,367 | INFO | fomc_fetcher |   [126/431] statement 2002-05-07 ...
2026-04-19 14:39:47,947 | ERROR | fomc_fetcher |   Failed fomc_statement_20020507: 404 Client Error: Not Found for url: https://www.federalreserve.gov/newsevents/pressreleases/monetary20020507a.htm
2026-04-19 14:39:47,950 | INFO | fomc_fetcher |   [127/431] minutes 2002-05-07 ...
2026-04-19 14:39:50,286 | ERROR | fomc_fetcher |   Failed fomc_minutes_20020507: 404 Client Error: Not Found for url: https://www.federalreserve.gov/monetarypolicy/fomcminutes20020507.htm
2026-04-19 14:39:50,290 | INFO | fomc_fetcher |   [128/431] statement 2002-06-26 ...
2026-04-19 14:39:54,067 | ERROR | fomc_fetcher |   Failed fomc_statement_20020626: 404 Client Error: Not Found for url: https://www.federalreserve.gov/newsevents/pressreleases/monetary20020626a.htm
2026-04-19 14:39:54,070 | INFO | fomc_fetcher |   [129/431] minutes 2002-06-26 ...
2026-04-19 14:39:57,207 | ERROR | fomc_fetcher |   Failed fomc_minutes_20020626: 404 Client Error: Not Found for url: https://www.federalreserve.gov/monetarypolicy/fomcminutes20020626.htm
2026-04-19 14:39:57,211 | INFO | fomc_fetcher |   [130/431] statement 2002-08-13 ...
2026-04-19 14:40:00,213 | ERROR | fomc_fetcher |   Failed fomc_statement_20020813: 404 Client Error: Not Found for url: https://www.federalreserve.gov/newsevents/pressreleases/monetary20020813a.htm
2026-04-19 14:40:00,216 | INFO | fomc_fetcher |   [131/431] minutes 2002-08-13 ...
2026-04-19 14:40:02,490 | ERROR | fomc_fetcher |   Failed fomc_minutes_20020813: 404 Client Error: Not Found for url: https://www.federalreserve.gov/monetarypolicy/fomcminutes20020813.htm
2026-04-19 14:40:02,492 | INFO | fomc_fetcher |   [132/431] statement 2002-09-24 ...
2026-04-19 14:40:05,288 | ERROR | fomc_fetcher |   Failed fomc_statement_20020924: 404 Client Error: Not Found for url: https://www.federalreserve.gov/newsevents/pressreleases/monetary20020924a.htm
2026-04-19 14:40:05,292 | INFO | fomc_fetcher |   [133/431] minutes 2002-09-24 ...
2026-04-19 14:40:08,349 | ERROR | fomc_fetcher |   Failed fomc_minutes_20020924: 404 Client Error: Not Found for url: https://www.federalreserve.gov/monetarypolicy/fomcminutes20020924.htm
2026-04-19 14:40:08,350 | INFO | fomc_fetcher |   [134/431] statement 2002-11-06 ...
2026-04-19 14:40:11,373 | ERROR | fomc_fetcher |   Failed fomc_statement_20021106: 404 Client Error: Not Found for url: https://www.federalreserve.gov/newsevents/pressreleases/monetary20021106a.htm
2026-04-19 14:40:11,376 | INFO | fomc_fetcher |   [135/431] minutes 2002-11-06 ...
2026-04-19 14:40:14,373 | ERROR | fomc_fetcher |   Failed fomc_minutes_20021106: 404 Client Error: Not Found for url: https://www.federalreserve.gov/monetarypolicy/fomcminutes20021106.htm
2026-04-19 14:40:14,376 | INFO | fomc_fetcher |   [136/431] statement 2002-12-10 ...
2026-04-19 14:40:16,768 | ERROR | fomc_fetcher |   Failed fomc_statement_20021210: 404 Client Error: Not Found for url: https://www.federalreserve.gov/newsevents/pressreleases/monetary20021210a.htm
2026-04-19 14:40:16,770 | INFO | fomc_fetcher |   [137/431] minutes 2002-12-10 ...
2026-04-19 14:40:19,133 | ERROR | fomc_fetcher |   Failed fomc_minutes_20021210: 404 Client Error: Not Found for url: https://www.federalreserve.gov/monetarypolicy/fomcminutes20021210.htm
2026-04-19 14:40:19,136 | INFO | fomc_fetcher |   [138/431] statement 2003-01-29 ...
2026-04-19 14:40:21,478 | ERROR | fomc_fetcher |   Failed fomc_statement_20030129: 404 Client Error: Not Found for url: https://www.federalreserve.gov/newsevents/pressreleases/monetary20030129a.htm
2026-04-19 14:40:21,480 | INFO | fomc_fetcher |   [139/431] minutes 2003-01-29 ...
2026-04-19 14:40:25,792 | ERROR | fomc_fetcher |   Failed fomc_minutes_20030129: 404 Client Error: Not Found for url: https://www.federalreserve.gov/monetarypolicy/fomcminutes20030129.htm
2026-04-19 14:40:25,794 | INFO | fomc_fetcher |   [140/431] statement 2003-03-18 ...
2026-04-19 14:40:29,696 | ERROR | fomc_fetcher |   Failed fomc_statement_20030318: 404 Client Error: Not Found for url: https://www.federalreserve.gov/newsevents/pressreleases/monetary20030318a.htm
2026-04-19 14:40:29,698 | INFO | fomc_fetcher |   [141/431] minutes 2003-03-18 ...
2026-04-19 14:40:32,114 | ERROR | fomc_fetcher |   Failed fomc_minutes_20030318: 404 Client Error: Not Found for url: https://www.federalreserve.gov/monetarypolicy/fomcminutes20030318.htm
2026-04-19 14:40:32,118 | INFO | fomc_fetcher |   [142/431] statement 2003-05-06 ...
2026-04-19 14:40:34,464 | ERROR | fomc_fetcher |   Failed fomc_statement_20030506: 404 Client Error: Not Found for url: https://www.federalreserve.gov/newsevents/pressreleases/monetary20030506a.htm
2026-04-19 14:40:34,467 | INFO | fomc_fetcher |   [143/431] minutes 2003-05-06 ...
2026-04-19 14:40:37,051 | ERROR | fomc_fetcher |   Failed fomc_minutes_20030506: 404 Client Error: Not Found for url: https://www.federalreserve.gov/monetarypolicy/fomcminutes20030506.htm
2026-04-19 14:40:37,054 | INFO | fomc_fetcher |   [144/431] statement 2003-06-25 ...
2026-04-19 14:40:39,457 | ERROR | fomc_fetcher |   Failed fomc_statement_20030625: 404 Client Error: Not Found for url: https://www.federalreserve.gov/newsevents/pressreleases/monetary20030625a.htm
2026-04-19 14:40:39,461 | INFO | fomc_fetcher |   [145/431] minutes 2003-06-25 ...
2026-04-19 14:40:41,819 | ERROR | fomc_fetcher |   Failed fomc_minutes_20030625: 404 Client Error: Not Found for url: https://www.federalreserve.gov/monetarypolicy/fomcminutes20030625.htm
2026-04-19 14:40:41,823 | INFO | fomc_fetcher |   [146/431] statement 2003-08-12 ...
2026-04-19 14:40:44,463 | ERROR | fomc_fetcher |   Failed fomc_statement_20030812: 404 Client Error: Not Found for url: https://www.federalreserve.gov/newsevents/pressreleases/monetary20030812a.htm
2026-04-19 14:40:44,467 | INFO | fomc_fetcher |   [147/431] minutes 2003-08-12 ...
2026-04-19 14:40:47,210 | ERROR | fomc_fetcher |   Failed fomc_minutes_20030812: 404 Client Error: Not Found for url: https://www.federalreserve.gov/monetarypolicy/fomcminutes20030812.htm
2026-04-19 14:40:47,214 | INFO | fomc_fetcher |   [148/431] statement 2003-09-16 ...
2026-04-19 14:40:49,834 | ERROR | fomc_fetcher |   Failed fomc_statement_20030916: 404 Client Error: Not Found for url: https://www.federalreserve.gov/newsevents/pressreleases/monetary20030916a.htm
2026-04-19 14:40:49,836 | INFO | fomc_fetcher |   [149/431] minutes 2003-09-16 ...
2026-04-19 14:40:52,233 | ERROR | fomc_fetcher |   Failed fomc_minutes_20030916: 404 Client Error: Not Found for url: https://www.federalreserve.gov/monetarypolicy/fomcminutes20030916.htm
2026-04-19 14:40:52,236 | INFO | fomc_fetcher |   [150/431] statement 2003-10-28 ...
2026-04-19 14:40:54,674 | ERROR | fomc_fetcher |   Failed fomc_statement_20031028: 404 Client Error: Not Found for url: https://www.federalreserve.gov/newsevents/pressreleases/monetary20031028a.htm
2026-04-19 14:40:54,676 | INFO | fomc_fetcher |   [151/431] minutes 2003-10-28 ...
2026-04-19 14:40:57,348 | ERROR | fomc_fetcher |   Failed fomc_minutes_20031028: 404 Client Error: Not Found for url: https://www.federalreserve.gov/monetarypolicy/fomcminutes20031028.htm
2026-04-19 14:40:57,352 | INFO | fomc_fetcher |   [152/431] statement 2003-12-09 ...
2026-04-19 14:40:59,934 | ERROR | fomc_fetcher |   Failed fomc_statement_20031209: 404 Client Error: Not Found for url: https://www.federalreserve.gov/newsevents/pressreleases/monetary20031209a.htm
2026-04-19 14:40:59,937 | INFO | fomc_fetcher |   [153/431] minutes 2003-12-09 ...
2026-04-19 14:41:02,322 | ERROR | fomc_fetcher |   Failed fomc_minutes_20031209: 404 Client Error: Not Found for url: https://www.federalreserve.gov/monetarypolicy/fomcminutes20031209.htm
2026-04-19 14:41:02,323 | INFO | fomc_fetcher |   [154/431] statement 2004-01-28 ...
2026-04-19 14:41:04,891 | ERROR | fomc_fetcher |   Failed fomc_statement_20040128: 404 Client Error: Not Found for url: https://www.federalreserve.gov/newsevents/pressreleases/monetary20040128a.htm
2026-04-19 14:41:04,895 | INFO | fomc_fetcher |   [155/431] minutes 2004-01-28 ...
2026-04-19 14:41:07,424 | ERROR | fomc_fetcher |   Failed fomc_minutes_20040128: 404 Client Error: Not Found for url: https://www.federalreserve.gov/monetarypolicy/fomcminutes20040128.htm
2026-04-19 14:41:07,427 | INFO | fomc_fetcher |   [156/431] statement 2004-03-16 ...
2026-04-19 14:41:09,784 | ERROR | fomc_fetcher |   Failed fomc_statement_20040316: 404 Client Error: Not Found for url: https://www.federalreserve.gov/newsevents/pressreleases/monetary20040316a.htm
2026-04-19 14:41:09,787 | INFO | fomc_fetcher |   [157/431] minutes 2004-03-16 ...
2026-04-19 14:41:12,162 | ERROR | fomc_fetcher |   Failed fomc_minutes_20040316: 404 Client Error: Not Found for url: https://www.federalreserve.gov/monetarypolicy/fomcminutes20040316.htm
2026-04-19 14:41:12,164 | INFO | fomc_fetcher |   [158/431] statement 2004-05-04 ...
2026-04-19 14:41:14,603 | ERROR | fomc_fetcher |   Failed fomc_statement_20040504: 404 Client Error: Not Found for url: https://www.federalreserve.gov/newsevents/pressreleases/monetary20040504a.htm
2026-04-19 14:41:14,606 | INFO | fomc_fetcher |   [159/431] minutes 2004-05-04 ...
2026-04-19 14:41:18,135 | ERROR | fomc_fetcher |   Failed fomc_minutes_20040504: 404 Client Error: Not Found for url: https://www.federalreserve.gov/monetarypolicy/fomcminutes20040504.htm
2026-04-19 14:41:18,138 | INFO | fomc_fetcher |   [160/431] statement 2004-06-30 ...
2026-04-19 14:41:20,564 | ERROR | fomc_fetcher |   Failed fomc_statement_20040630: 404 Client Error: Not Found for url: https://www.federalreserve.gov/newsevents/pressreleases/monetary20040630a.htm
2026-04-19 14:41:20,566 | INFO | fomc_fetcher |   [161/431] minutes 2004-06-30 ...
2026-04-19 14:41:23,199 | ERROR | fomc_fetcher |   Failed fomc_minutes_20040630: 404 Client Error: Not Found for url: https://www.federalreserve.gov/monetarypolicy/fomcminutes20040630.htm
2026-04-19 14:41:23,203 | INFO | fomc_fetcher |   [162/431] statement 2004-08-10 ...
2026-04-19 14:41:25,860 | ERROR | fomc_fetcher |   Failed fomc_statement_20040810: 404 Client Error: Not Found for url: https://www.federalreserve.gov/newsevents/pressreleases/monetary20040810a.htm
2026-04-19 14:41:25,861 | INFO | fomc_fetcher |   [163/431] minutes 2004-08-10 ...
2026-04-19 14:41:28,390 | ERROR | fomc_fetcher |   Failed fomc_minutes_20040810: 404 Client Error: Not Found for url: https://www.federalreserve.gov/monetarypolicy/fomcminutes20040810.htm
2026-04-19 14:41:28,392 | INFO | fomc_fetcher |   [164/431] statement 2004-09-21 ...
2026-04-19 14:41:31,756 | ERROR | fomc_fetcher |   Failed fomc_statement_20040921: 404 Client Error: Not Found for url: https://www.federalreserve.gov/newsevents/pressreleases/monetary20040921a.htm
2026-04-19 14:41:31,759 | INFO | fomc_fetcher |   [165/431] minutes 2004-09-21 ...
2026-04-19 14:41:34,173 | ERROR | fomc_fetcher |   Failed fomc_minutes_20040921: 404 Client Error: Not Found for url: https://www.federalreserve.gov/monetarypolicy/fomcminutes20040921.htm
2026-04-19 14:41:34,176 | INFO | fomc_fetcher |   [166/431] statement 2004-11-10 ...
2026-04-19 14:41:36,626 | ERROR | fomc_fetcher |   Failed fomc_statement_20041110: 404 Client Error: Not Found for url: https://www.federalreserve.gov/newsevents/pressreleases/monetary20041110a.htm
2026-04-19 14:41:36,630 | INFO | fomc_fetcher |   [167/431] minutes 2004-11-10 ...
2026-04-19 14:41:39,539 | ERROR | fomc_fetcher |   Failed fomc_minutes_20041110: 404 Client Error: Not Found for url: https://www.federalreserve.gov/monetarypolicy/fomcminutes20041110.htm
2026-04-19 14:41:39,543 | INFO | fomc_fetcher |   [168/431] statement 2004-12-14 ...
2026-04-19 14:41:41,894 | ERROR | fomc_fetcher |   Failed fomc_statement_20041214: 404 Client Error: Not Found for url: https://www.federalreserve.gov/newsevents/pressreleases/monetary20041214a.htm
2026-04-19 14:41:41,896 | INFO | fomc_fetcher |   [169/431] minutes 2004-12-14 ...
2026-04-19 14:41:44,419 | ERROR | fomc_fetcher |   Failed fomc_minutes_20041214: 404 Client Error: Not Found for url: https://www.federalreserve.gov/monetarypolicy/fomcminutes20041214.htm
2026-04-19 14:41:44,421 | INFO | fomc_fetcher |   [170/431] statement 2005-02-02 ...
2026-04-19 14:41:48,169 | ERROR | fomc_fetcher |   Failed fomc_statement_20050202: 404 Client Error: Not Found for url: https://www.federalreserve.gov/newsevents/pressreleases/monetary20050202a.htm
2026-04-19 14:41:48,173 | INFO | fomc_fetcher |   [171/431] minutes 2005-02-02 ...
2026-04-19 14:41:50,722 | ERROR | fomc_fetcher |   Failed fomc_minutes_20050202: 404 Client Error: Not Found for url: https://www.federalreserve.gov/monetarypolicy/fomcminutes20050202.htm
2026-04-19 14:41:50,726 | INFO | fomc_fetcher |   [172/431] statement 2005-03-22 ...
2026-04-19 14:41:53,272 | ERROR | fomc_fetcher |   Failed fomc_statement_20050322: 404 Client Error: Not Found for url: https://www.federalreserve.gov/newsevents/pressreleases/monetary20050322a.htm
2026-04-19 14:41:53,276 | INFO | fomc_fetcher |   [173/431] minutes 2005-03-22 ...
2026-04-19 14:41:55,821 | ERROR | fomc_fetcher |   Failed fomc_minutes_20050322: 404 Client Error: Not Found for url: https://www.federalreserve.gov/monetarypolicy/fomcminutes20050322.htm
2026-04-19 14:41:55,824 | INFO | fomc_fetcher |   [174/431] statement 2005-05-03 ...
2026-04-19 14:41:58,096 | ERROR | fomc_fetcher |   Failed fomc_statement_20050503: 404 Client Error: Not Found for url: https://www.federalreserve.gov/newsevents/pressreleases/monetary20050503a.htm
2026-04-19 14:41:58,100 | INFO | fomc_fetcher |   [175/431] minutes 2005-05-03 ...
2026-04-19 14:42:00,725 | ERROR | fomc_fetcher |   Failed fomc_minutes_20050503: 404 Client Error: Not Found for url: https://www.federalreserve.gov/monetarypolicy/fomcminutes20050503.htm
2026-04-19 14:42:00,729 | INFO | fomc_fetcher |   [176/431] statement 2005-06-30 ...
2026-04-19 14:42:03,123 | ERROR | fomc_fetcher |   Failed fomc_statement_20050630: 404 Client Error: Not Found for url: https://www.federalreserve.gov/newsevents/pressreleases/monetary20050630a.htm
2026-04-19 14:42:03,126 | INFO | fomc_fetcher |   [177/431] minutes 2005-06-30 ...
2026-04-19 14:42:05,767 | ERROR | fomc_fetcher |   Failed fomc_minutes_20050630: 404 Client Error: Not Found for url: https://www.federalreserve.gov/monetarypolicy/fomcminutes20050630.htm
2026-04-19 14:42:05,770 | INFO | fomc_fetcher |   [178/431] statement 2005-08-09 ...
2026-04-19 14:42:08,384 | ERROR | fomc_fetcher |   Failed fomc_statement_20050809: 404 Client Error: Not Found for url: https://www.federalreserve.gov/newsevents/pressreleases/monetary20050809a.htm
2026-04-19 14:42:08,388 | INFO | fomc_fetcher |   [179/431] minutes 2005-08-09 ...
2026-04-19 14:42:11,897 | ERROR | fomc_fetcher |   Failed fomc_minutes_20050809: 404 Client Error: Not Found for url: https://www.federalreserve.gov/monetarypolicy/fomcminutes20050809.htm
2026-04-19 14:42:11,900 | INFO | fomc_fetcher |   [180/431] statement 2005-09-20 ...
2026-04-19 14:42:14,459 | ERROR | fomc_fetcher |   Failed fomc_statement_20050920: 404 Client Error: Not Found for url: https://www.federalreserve.gov/newsevents/pressreleases/monetary20050920a.htm
2026-04-19 14:42:14,463 | INFO | fomc_fetcher |   [181/431] minutes 2005-09-20 ...
2026-04-19 14:42:16,868 | ERROR | fomc_fetcher |   Failed fomc_minutes_20050920: 404 Client Error: Not Found for url: https://www.federalreserve.gov/monetarypolicy/fomcminutes20050920.htm
2026-04-19 14:42:16,871 | INFO | fomc_fetcher |   [182/431] statement 2005-11-01 ...
2026-04-19 14:42:19,383 | ERROR | fomc_fetcher |   Failed fomc_statement_20051101: 404 Client Error: Not Found for url: https://www.federalreserve.gov/newsevents/pressreleases/monetary20051101a.htm
2026-04-19 14:42:19,385 | INFO | fomc_fetcher |   [183/431] minutes 2005-11-01 ...
2026-04-19 14:42:21,836 | ERROR | fomc_fetcher |   Failed fomc_minutes_20051101: 404 Client Error: Not Found for url: https://www.federalreserve.gov/monetarypolicy/fomcminutes20051101.htm
2026-04-19 14:42:21,838 | INFO | fomc_fetcher |   [184/431] statement 2005-12-13 ...
2026-04-19 14:42:24,301 | ERROR | fomc_fetcher |   Failed fomc_statement_20051213: 404 Client Error: Not Found for url: https://www.federalreserve.gov/newsevents/pressreleases/monetary20051213a.htm
2026-04-19 14:42:24,305 | INFO | fomc_fetcher |   [185/431] minutes 2005-12-13 ...
2026-04-19 14:42:26,823 | ERROR | fomc_fetcher |   Failed fomc_minutes_20051213: 404 Client Error: Not Found for url: https://www.federalreserve.gov/monetarypolicy/fomcminutes20051213.htm
2026-04-19 14:42:26,827 | INFO | fomc_fetcher |   [186/431] statement 2006-01-31 ...
2026-04-19 14:42:29,327 | INFO | fomc_fetcher |   [187/431] minutes 2006-01-31 ...
2026-04-19 14:42:32,062 | ERROR | fomc_fetcher |   Failed fomc_minutes_20060131: 404 Client Error: Not Found for url: https://www.federalreserve.gov/monetarypolicy/fomcminutes20060131.htm
2026-04-19 14:42:32,063 | INFO | fomc_fetcher |   [188/431] statement 2006-03-28 ...
2026-04-19 14:42:35,314 | INFO | fomc_fetcher |   [189/431] minutes 2006-03-28 ...
2026-04-19 14:42:37,839 | ERROR | fomc_fetcher |   Failed fomc_minutes_20060328: 404 Client Error: Not Found for url: https://www.federalreserve.gov/monetarypolicy/fomcminutes20060328.htm
2026-04-19 14:42:37,842 | INFO | fomc_fetcher |   [190/431] statement 2006-05-10 ...
2026-04-19 14:42:40,805 | INFO | fomc_fetcher |   [191/431] minutes 2006-05-10 ...
2026-04-19 14:42:43,438 | ERROR | fomc_fetcher |   Failed fomc_minutes_20060510: 404 Client Error: Not Found for url: https://www.federalreserve.gov/monetarypolicy/fomcminutes20060510.htm
2026-04-19 14:42:43,441 | INFO | fomc_fetcher |   [192/431] statement 2006-06-29 ...
2026-04-19 14:42:46,001 | INFO | fomc_fetcher |   [193/431] minutes 2006-06-29 ...
2026-04-19 14:42:48,948 | ERROR | fomc_fetcher |   Failed fomc_minutes_20060629: 404 Client Error: Not Found for url: https://www.federalreserve.gov/monetarypolicy/fomcminutes20060629.htm
2026-04-19 14:42:48,951 | INFO | fomc_fetcher |   [194/431] statement 2006-08-08 ...
2026-04-19 14:42:52,069 | INFO | fomc_fetcher |   [195/431] minutes 2006-08-08 ...
2026-04-19 14:42:54,809 | ERROR | fomc_fetcher |   Failed fomc_minutes_20060808: 404 Client Error: Not Found for url: https://www.federalreserve.gov/monetarypolicy/fomcminutes20060808.htm
2026-04-19 14:42:54,813 | INFO | fomc_fetcher |   [196/431] statement 2006-09-20 ...
2026-04-19 14:42:57,703 | INFO | fomc_fetcher |   [197/431] minutes 2006-09-20 ...
2026-04-19 14:43:00,216 | ERROR | fomc_fetcher |   Failed fomc_minutes_20060920: 404 Client Error: Not Found for url: https://www.federalreserve.gov/monetarypolicy/fomcminutes20060920.htm
2026-04-19 14:43:00,219 | INFO | fomc_fetcher |   [198/431] statement 2006-10-25 ...
2026-04-19 14:43:02,663 | INFO | fomc_fetcher |   [199/431] minutes 2006-10-25 ...
2026-04-19 14:43:05,158 | ERROR | fomc_fetcher |   Failed fomc_minutes_20061025: 404 Client Error: Not Found for url: https://www.federalreserve.gov/monetarypolicy/fomcminutes20061025.htm
2026-04-19 14:43:05,161 | INFO | fomc_fetcher |   [200/431] statement 2006-12-12 ...
2026-04-19 14:43:08,147 | INFO | fomc_fetcher |   [201/431] minutes 2006-12-12 ...
2026-04-19 14:43:10,453 | ERROR | fomc_fetcher |   Failed fomc_minutes_20061212: 404 Client Error: Not Found for url: https://www.federalreserve.gov/monetarypolicy/fomcminutes20061212.htm
2026-04-19 14:43:10,456 | INFO | fomc_fetcher |   [202/431] statement 2007-01-31 ...
2026-04-19 14:43:12,909 | INFO | fomc_fetcher |   [203/431] minutes 2007-01-31 ...
2026-04-19 14:43:15,351 | ERROR | fomc_fetcher |   Failed fomc_minutes_20070131: 404 Client Error: Not Found for url: https://www.federalreserve.gov/monetarypolicy/fomcminutes20070131.htm
2026-04-19 14:43:15,354 | INFO | fomc_fetcher |   [204/431] statement 2007-03-21 ...
2026-04-19 14:43:18,078 | INFO | fomc_fetcher |   [205/431] minutes 2007-03-21 ...
2026-04-19 14:43:21,118 | ERROR | fomc_fetcher |   Failed fomc_minutes_20070321: 404 Client Error: Not Found for url: https://www.federalreserve.gov/monetarypolicy/fomcminutes20070321.htm
2026-04-19 14:43:21,121 | INFO | fomc_fetcher |   [206/431] statement 2007-05-09 ...
2026-04-19 14:43:23,756 | INFO | fomc_fetcher |   [207/431] minutes 2007-05-09 ...
2026-04-19 14:43:26,144 | ERROR | fomc_fetcher |   Failed fomc_minutes_20070509: 404 Client Error: Not Found for url: https://www.federalreserve.gov/monetarypolicy/fomcminutes20070509.htm
2026-04-19 14:43:26,148 | INFO | fomc_fetcher |   [208/431] statement 2007-06-28 ...
2026-04-19 14:43:29,480 | ERROR | fomc_fetcher |   Failed fomc_statement_20070628: 404 Client Error: Not Found for url: https://www.federalreserve.gov/newsevents/pressreleases/monetary20070628a.htm
2026-04-19 14:43:29,483 | INFO | fomc_fetcher |   [209/431] minutes 2007-06-28 ...
2026-04-19 14:43:32,562 | ERROR | fomc_fetcher |   Failed fomc_minutes_20070628: 404 Client Error: Not Found for url: https://www.federalreserve.gov/monetarypolicy/fomcminutes20070628.htm
2026-04-19 14:43:32,565 | INFO | fomc_fetcher |   [210/431] statement 2007-08-07 ...
2026-04-19 14:43:35,294 | INFO | fomc_fetcher |   [211/431] minutes 2007-08-07 ...
2026-04-19 14:43:38,085 | ERROR | fomc_fetcher |   Failed fomc_minutes_20070807: 404 Client Error: Not Found for url: https://www.federalreserve.gov/monetarypolicy/fomcminutes20070807.htm
2026-04-19 14:43:38,089 | INFO | fomc_fetcher |   [212/431] statement 2007-09-18 ...
2026-04-19 14:43:41,338 | INFO | fomc_fetcher |   [213/431] minutes 2007-09-18 ...
2026-04-19 14:43:45,179 | ERROR | fomc_fetcher |   Failed fomc_minutes_20070918: 404 Client Error: Not Found for url: https://www.federalreserve.gov/monetarypolicy/fomcminutes20070918.htm
2026-04-19 14:43:45,182 | INFO | fomc_fetcher |   [214/431] statement 2007-10-31 ...
2026-04-19 14:43:49,117 | INFO | fomc_fetcher |   [215/431] minutes 2007-10-31 ...
2026-04-19 14:43:51,962 | INFO | fomc_fetcher |   [216/431] statement 2007-12-11 ...
2026-04-19 14:43:55,016 | INFO | fomc_fetcher |   [217/431] minutes 2007-12-11 ...
2026-04-19 14:43:57,892 | INFO | fomc_fetcher |   [218/431] statement 2008-01-22 ...
2026-04-19 14:44:00,198 | ERROR | fomc_fetcher |   Failed fomc_statement_20080122: 404 Client Error: Not Found for url: https://www.federalreserve.gov/newsevents/pressreleases/monetary20080122a.htm
2026-04-19 14:44:00,200 | INFO | fomc_fetcher |   [219/431] minutes 2008-01-22 ...
2026-04-19 14:44:02,743 | ERROR | fomc_fetcher |   Failed fomc_minutes_20080122: 404 Client Error: Not Found for url: https://www.federalreserve.gov/monetarypolicy/fomcminutes20080122.htm
2026-04-19 14:44:02,745 | INFO | fomc_fetcher |   [220/431] statement 2008-01-30 ...
2026-04-19 14:44:05,266 | INFO | fomc_fetcher |   [221/431] minutes 2008-01-30 ...
2026-04-19 14:44:08,324 | INFO | fomc_fetcher |   [222/431] statement 2008-03-18 ...
2026-04-19 14:44:10,792 | INFO | fomc_fetcher |   [223/431] minutes 2008-03-18 ...
2026-04-19 14:44:13,636 | INFO | fomc_fetcher |   [224/431] statement 2008-04-30 ...
2026-04-19 14:44:16,957 | INFO | fomc_fetcher |   [225/431] minutes 2008-04-30 ...
2026-04-19 14:44:19,871 | INFO | fomc_fetcher |   [226/431] statement 2008-06-25 ...
2026-04-19 14:44:23,823 | INFO | fomc_fetcher |   [227/431] minutes 2008-06-25 ...
2026-04-19 14:44:27,066 | ERROR | fomc_fetcher |   Failed fomc_minutes_20080625: 404 Client Error: Not Found for url: https://www.federalreserve.gov/monetarypolicy/fomcminutes20080625.htm
2026-04-19 14:44:27,069 | INFO | fomc_fetcher |   [228/431] statement 2008-08-05 ...
2026-04-19 14:44:29,716 | INFO | fomc_fetcher |   [229/431] minutes 2008-08-05 ...
2026-04-19 14:44:32,149 | INFO | fomc_fetcher |   [230/431] statement 2008-09-16 ...
2026-04-19 14:44:34,768 | INFO | fomc_fetcher |   [231/431] minutes 2008-09-16 ...
2026-04-19 14:44:37,065 | INFO | fomc_fetcher |   [232/431] statement 2008-10-08 ...
2026-04-19 14:44:39,697 | INFO | fomc_fetcher |   [233/431] minutes 2008-10-08 ...
2026-04-19 14:44:42,339 | ERROR | fomc_fetcher |   Failed fomc_minutes_20081008: 404 Client Error: Not Found for url: https://www.federalreserve.gov/monetarypolicy/fomcminutes20081008.htm
2026-04-19 14:44:42,342 | INFO | fomc_fetcher |   [234/431] statement 2008-10-29 ...
2026-04-19 14:44:45,079 | INFO | fomc_fetcher |   [235/431] minutes 2008-10-29 ...
2026-04-19 14:44:47,721 | INFO | fomc_fetcher |   [236/431] statement 2008-12-16 ...
2026-04-19 14:44:50,653 | INFO | fomc_fetcher |   [237/431] minutes 2008-12-16 ...
2026-04-19 14:44:53,186 | INFO | fomc_fetcher |   [238/431] statement 2009-01-28 ...
2026-04-19 14:44:55,543 | INFO | fomc_fetcher |   [239/431] minutes 2009-01-28 ...
2026-04-19 14:44:57,845 | INFO | fomc_fetcher |   [240/431] statement 2009-03-18 ...
2026-04-19 14:45:00,913 | INFO | fomc_fetcher |   [241/431] minutes 2009-03-18 ...
2026-04-19 14:45:03,621 | INFO | fomc_fetcher |   [242/431] statement 2009-04-29 ...
2026-04-19 14:45:06,022 | INFO | fomc_fetcher |   [243/431] minutes 2009-04-29 ...
2026-04-19 14:45:09,062 | INFO | fomc_fetcher |   [244/431] statement 2009-06-24 ...
2026-04-19 14:45:11,480 | INFO | fomc_fetcher |   [245/431] minutes 2009-06-24 ...
2026-04-19 14:45:14,183 | INFO | fomc_fetcher |   [246/431] statement 2009-08-12 ...
2026-04-19 14:45:16,753 | INFO | fomc_fetcher |   [247/431] minutes 2009-08-12 ...
2026-04-19 14:45:19,221 | INFO | fomc_fetcher |   [248/431] statement 2009-09-23 ...
2026-04-19 14:45:22,295 | INFO | fomc_fetcher |   [249/431] minutes 2009-09-23 ...
2026-04-19 14:45:24,745 | INFO | fomc_fetcher |   [250/431] statement 2009-11-04 ...
2026-04-19 14:45:27,112 | INFO | fomc_fetcher |   [251/431] minutes 2009-11-04 ...
2026-04-19 14:45:29,739 | INFO | fomc_fetcher |   [252/431] statement 2009-12-16 ...
2026-04-19 14:45:32,304 | INFO | fomc_fetcher |   [253/431] minutes 2009-12-16 ...
2026-04-19 14:45:35,412 | INFO | fomc_fetcher |   [254/431] statement 2010-01-27 ...
2026-04-19 14:45:37,871 | INFO | fomc_fetcher |   [255/431] minutes 2010-01-27 ...
2026-04-19 14:45:40,819 | INFO | fomc_fetcher |   [256/431] statement 2010-03-16 ...
2026-04-19 14:45:44,989 | INFO | fomc_fetcher |   [257/431] minutes 2010-03-16 ...
2026-04-19 14:45:47,935 | INFO | fomc_fetcher |   [258/431] statement 2010-04-28 ...
2026-04-19 14:45:50,483 | INFO | fomc_fetcher |   [259/431] minutes 2010-04-28 ...
2026-04-19 14:45:53,076 | INFO | fomc_fetcher |   [260/431] statement 2010-06-23 ...
2026-04-19 14:45:55,889 | INFO | fomc_fetcher |   [261/431] minutes 2010-06-23 ...
2026-04-19 14:45:59,449 | INFO | fomc_fetcher |   [262/431] statement 2010-08-10 ...
2026-04-19 14:46:03,065 | INFO | fomc_fetcher |   [263/431] minutes 2010-08-10 ...
2026-04-19 14:46:05,547 | INFO | fomc_fetcher |   [264/431] statement 2010-09-21 ...
2026-04-19 14:46:08,370 | INFO | fomc_fetcher |   [265/431] minutes 2010-09-21 ...
2026-04-19 14:46:11,065 | INFO | fomc_fetcher |   [266/431] statement 2010-11-03 ...
2026-04-19 14:46:14,616 | INFO | fomc_fetcher |   [267/431] minutes 2010-11-03 ...
2026-04-19 14:46:17,674 | INFO | fomc_fetcher |   [268/431] statement 2010-12-14 ...
2026-04-19 14:46:24,006 | INFO | fomc_fetcher |   [269/431] minutes 2010-12-14 ...
2026-04-19 14:46:26,533 | INFO | fomc_fetcher |   [270/431] statement 2011-01-26 ...
2026-04-19 14:46:29,850 | INFO | fomc_fetcher |   [271/431] minutes 2011-01-26 ...
2026-04-19 14:46:33,963 | INFO | fomc_fetcher |   [272/431] statement 2011-03-15 ...
2026-04-19 14:46:38,880 | INFO | fomc_fetcher |   [273/431] minutes 2011-03-15 ...
2026-04-19 14:46:42,004 | INFO | fomc_fetcher |   [274/431] statement 2011-04-27 ...
2026-04-19 14:46:45,335 | INFO | fomc_fetcher |   [275/431] minutes 2011-04-27 ...
2026-04-19 14:46:49,506 | INFO | fomc_fetcher |   [276/431] statement 2011-06-22 ...
2026-04-19 14:46:52,256 | INFO | fomc_fetcher |   [277/431] minutes 2011-06-22 ...
2026-04-19 14:46:54,741 | INFO | fomc_fetcher |   [278/431] statement 2011-08-09 ...
2026-04-19 14:46:57,351 | INFO | fomc_fetcher |   [279/431] minutes 2011-08-09 ...
2026-04-19 14:47:00,374 | INFO | fomc_fetcher |   [280/431] statement 2011-09-21 ...
2026-04-19 14:47:04,402 | INFO | fomc_fetcher |   [281/431] minutes 2011-09-21 ...
2026-04-19 14:47:07,776 | INFO | fomc_fetcher |   [282/431] statement 2011-11-02 ...
2026-04-19 14:47:10,345 | INFO | fomc_fetcher |   [283/431] minutes 2011-11-02 ...
2026-04-19 14:47:12,757 | INFO | fomc_fetcher |   [284/431] statement 2011-12-13 ...
2026-04-19 14:47:15,878 | INFO | fomc_fetcher |   [285/431] minutes 2011-12-13 ...
2026-04-19 14:47:18,836 | INFO | fomc_fetcher |   [286/431] statement 2012-01-25 ...
2026-04-19 14:47:21,187 | INFO | fomc_fetcher |   [287/431] minutes 2012-01-25 ...
2026-04-19 14:47:23,885 | INFO | fomc_fetcher |   [288/431] statement 2012-03-13 ...
2026-04-19 14:47:26,278 | INFO | fomc_fetcher |   [289/431] minutes 2012-03-13 ...
2026-04-19 14:47:28,779 | INFO | fomc_fetcher |   [290/431] statement 2012-04-25 ...
2026-04-19 14:47:31,863 | INFO | fomc_fetcher |   [291/431] minutes 2012-04-25 ...
2026-04-19 14:47:34,352 | INFO | fomc_fetcher |   [292/431] statement 2012-06-20 ...
2026-04-19 14:47:37,020 | INFO | fomc_fetcher |   [293/431] minutes 2012-06-20 ...
2026-04-19 14:47:39,952 | INFO | fomc_fetcher |   [294/431] statement 2012-08-01 ...
2026-04-19 14:47:43,432 | INFO | fomc_fetcher |   [295/431] minutes 2012-08-01 ...
2026-04-19 14:47:47,322 | INFO | fomc_fetcher |   [296/431] statement 2012-09-13 ...
2026-04-19 14:47:50,472 | INFO | fomc_fetcher |   [297/431] minutes 2012-09-13 ...
2026-04-19 14:47:53,352 | INFO | fomc_fetcher |   [298/431] statement 2012-10-24 ...
2026-04-19 14:47:57,148 | INFO | fomc_fetcher |   [299/431] minutes 2012-10-24 ...
2026-04-19 14:48:00,305 | INFO | fomc_fetcher |   [300/431] statement 2012-12-12 ...
2026-04-19 14:48:03,472 | INFO | fomc_fetcher |   [301/431] minutes 2012-12-12 ...
2026-04-19 14:48:06,347 | INFO | fomc_fetcher |   [302/431] statement 2013-01-30 ...
2026-04-19 14:48:08,906 | INFO | fomc_fetcher |   [303/431] minutes 2013-01-30 ...
2026-04-19 14:48:11,694 | INFO | fomc_fetcher |   [304/431] statement 2013-03-20 ...
2026-04-19 14:48:14,752 | INFO | fomc_fetcher |   [305/431] minutes 2013-03-20 ...
2026-04-19 14:48:17,266 | INFO | fomc_fetcher |   [306/431] statement 2013-05-01 ...
2026-04-19 14:48:20,771 | INFO | fomc_fetcher |   [307/431] minutes 2013-05-01 ...
2026-04-19 14:48:23,179 | INFO | fomc_fetcher |   [308/431] statement 2013-06-19 ...
2026-04-19 14:48:26,014 | INFO | fomc_fetcher |   [309/431] minutes 2013-06-19 ...
2026-04-19 14:48:29,521 | INFO | fomc_fetcher |   [310/431] statement 2013-07-31 ...
2026-04-19 14:48:32,408 | INFO | fomc_fetcher |   [311/431] minutes 2013-07-31 ...
2026-04-19 14:48:35,841 | INFO | fomc_fetcher |   [312/431] statement 2013-09-18 ...
2026-04-19 14:48:38,803 | INFO | fomc_fetcher |   [313/431] minutes 2013-09-18 ...
2026-04-19 14:48:41,326 | INFO | fomc_fetcher |   [314/431] statement 2013-10-30 ...
2026-04-19 14:48:44,233 | INFO | fomc_fetcher |   [315/431] minutes 2013-10-30 ...
2026-04-19 14:48:47,150 | INFO | fomc_fetcher |   [316/431] statement 2013-12-18 ...
2026-04-19 14:48:50,284 | INFO | fomc_fetcher |   [317/431] minutes 2013-12-18 ...
2026-04-19 14:48:52,781 | INFO | fomc_fetcher |   [318/431] statement 2014-01-29 ...
2026-04-19 14:48:55,240 | INFO | fomc_fetcher |   [319/431] minutes 2014-01-29 ...
2026-04-19 14:48:58,665 | INFO | fomc_fetcher |   [320/431] statement 2014-03-19 ...
2026-04-19 14:49:01,816 | INFO | fomc_fetcher |   [321/431] minutes 2014-03-19 ...
2026-04-19 14:49:04,886 | INFO | fomc_fetcher |   [322/431] statement 2014-04-30 ...
2026-04-19 14:49:07,196 | INFO | fomc_fetcher |   [323/431] minutes 2014-04-30 ...
2026-04-19 14:49:10,161 | INFO | fomc_fetcher |   [324/431] statement 2014-06-18 ...
2026-04-19 14:49:12,712 | INFO | fomc_fetcher |   [325/431] minutes 2014-06-18 ...
2026-04-19 14:49:15,087 | INFO | fomc_fetcher |   [326/431] statement 2014-07-30 ...
2026-04-19 14:49:17,539 | INFO | fomc_fetcher |   [327/431] minutes 2014-07-30 ...
2026-04-19 14:49:20,393 | INFO | fomc_fetcher |   [328/431] statement 2014-09-17 ...
2026-04-19 14:49:22,844 | INFO | fomc_fetcher |   [329/431] minutes 2014-09-17 ...
2026-04-19 14:49:25,652 | INFO | fomc_fetcher |   [330/431] statement 2014-10-29 ...
2026-04-19 14:49:28,450 | INFO | fomc_fetcher |   [331/431] minutes 2014-10-29 ...
2026-04-19 14:49:30,884 | INFO | fomc_fetcher |   [332/431] statement 2014-12-17 ...
2026-04-19 14:49:33,348 | INFO | fomc_fetcher |   [333/431] minutes 2014-12-17 ...
2026-04-19 14:49:35,966 | INFO | fomc_fetcher |   [334/431] statement 2015-01-28 ...
2026-04-19 14:49:38,525 | INFO | fomc_fetcher |   [335/431] minutes 2015-01-28 ...
2026-04-19 14:49:40,984 | INFO | fomc_fetcher |   [336/431] statement 2015-03-18 ...
2026-04-19 14:49:43,597 | INFO | fomc_fetcher |   [337/431] minutes 2015-03-18 ...
2026-04-19 14:49:46,112 | INFO | fomc_fetcher |   [338/431] statement 2015-04-29 ...
2026-04-19 14:49:48,878 | INFO | fomc_fetcher |   [339/431] minutes 2015-04-29 ...
2026-04-19 14:49:51,369 | INFO | fomc_fetcher |   [340/431] statement 2015-06-17 ...
2026-04-19 14:49:53,861 | INFO | fomc_fetcher |   [341/431] minutes 2015-06-17 ...
2026-04-19 14:49:56,557 | INFO | fomc_fetcher |   [342/431] statement 2015-07-29 ...
2026-04-19 14:49:59,092 | INFO | fomc_fetcher |   [343/431] minutes 2015-07-29 ...
2026-04-19 14:50:01,773 | INFO | fomc_fetcher |   [344/431] statement 2015-09-17 ...
2026-04-19 14:50:04,553 | INFO | fomc_fetcher |   [345/431] minutes 2015-09-17 ...
2026-04-19 14:50:07,551 | INFO | fomc_fetcher |   [346/431] statement 2015-10-28 ...
2026-04-19 14:50:10,774 | INFO | fomc_fetcher |   [347/431] minutes 2015-10-28 ...
2026-04-19 14:50:13,238 | INFO | fomc_fetcher |   [348/431] statement 2015-12-16 ...
2026-04-19 14:50:16,208 | INFO | fomc_fetcher |   [349/431] minutes 2015-12-16 ...
2026-04-19 14:50:18,873 | INFO | fomc_fetcher |   [350/431] statement 2016-01-27 ...
2026-04-19 14:50:21,622 | INFO | fomc_fetcher |   [351/431] minutes 2016-01-27 ...
2026-04-19 14:50:24,766 | INFO | fomc_fetcher |   [352/431] statement 2016-03-16 ...
2026-04-19 14:50:27,716 | INFO | fomc_fetcher |   [353/431] minutes 2016-03-16 ...
2026-04-19 14:50:31,051 | INFO | fomc_fetcher |   [354/431] statement 2016-04-27 ...
2026-04-19 14:50:34,404 | INFO | fomc_fetcher |   [355/431] minutes 2016-04-27 ...
2026-04-19 14:50:37,250 | INFO | fomc_fetcher |   [356/431] statement 2016-06-15 ...
2026-04-19 14:50:40,056 | INFO | fomc_fetcher |   [357/431] minutes 2016-06-15 ...
2026-04-19 14:50:42,471 | INFO | fomc_fetcher |   [358/431] statement 2016-07-27 ...
2026-04-19 14:50:44,932 | INFO | fomc_fetcher |   [359/431] minutes 2016-07-27 ...
2026-04-19 14:50:47,343 | INFO | fomc_fetcher |   [360/431] statement 2016-09-21 ...
2026-04-19 14:50:49,754 | INFO | fomc_fetcher |   [361/431] minutes 2016-09-21 ...
2026-04-19 14:50:52,339 | INFO | fomc_fetcher |   [362/431] statement 2016-11-02 ...
2026-04-19 14:50:54,714 | INFO | fomc_fetcher |   [363/431] minutes 2016-11-02 ...
2026-04-19 14:50:57,336 | INFO | fomc_fetcher |   [364/431] statement 2016-12-14 ...
2026-04-19 14:51:00,041 | INFO | fomc_fetcher |   [365/431] minutes 2016-12-14 ...
2026-04-19 14:51:02,865 | INFO | fomc_fetcher |   [366/431] statement 2017-02-01 ...
2026-04-19 14:51:05,312 | INFO | fomc_fetcher |   [367/431] minutes 2017-02-01 ...
2026-04-19 14:51:07,835 | INFO | fomc_fetcher |   [368/431] statement 2017-03-15 ...
2026-04-19 14:51:10,738 | INFO | fomc_fetcher |   [369/431] minutes 2017-03-15 ...
2026-04-19 14:51:13,218 | INFO | fomc_fetcher |   [370/431] statement 2017-05-03 ...
2026-04-19 14:51:16,214 | INFO | fomc_fetcher |   [371/431] minutes 2017-05-03 ...
2026-04-19 14:51:19,074 | INFO | fomc_fetcher |   [372/431] statement 2017-06-14 ...
2026-04-19 14:51:21,577 | INFO | fomc_fetcher |   [373/431] minutes 2017-06-14 ...
2026-04-19 14:51:24,103 | INFO | fomc_fetcher |   [374/431] statement 2017-07-26 ...
2026-04-19 14:51:26,845 | INFO | fomc_fetcher |   [375/431] minutes 2017-07-26 ...
2026-04-19 14:51:29,650 | INFO | fomc_fetcher |   [376/431] statement 2017-09-20 ...
2026-04-19 14:51:32,677 | INFO | fomc_fetcher |   [377/431] minutes 2017-09-20 ...
2026-04-19 14:51:35,141 | INFO | fomc_fetcher |   [378/431] statement 2017-11-01 ...
2026-04-19 14:51:37,899 | INFO | fomc_fetcher |   [379/431] minutes 2017-11-01 ...
2026-04-19 14:51:40,924 | INFO | fomc_fetcher |   [380/431] statement 2017-12-13 ...
2026-04-19 14:51:43,611 | INFO | fomc_fetcher |   [381/431] minutes 2017-12-13 ...
2026-04-19 14:51:46,452 | INFO | fomc_fetcher |   [382/431] statement 2018-01-31 ...
2026-04-19 14:51:48,960 | INFO | fomc_fetcher |   [383/431] minutes 2018-01-31 ...
2026-04-19 14:51:51,707 | INFO | fomc_fetcher |   [384/431] statement 2018-03-21 ...
2026-04-19 14:51:54,390 | INFO | fomc_fetcher |   [385/431] minutes 2018-03-21 ...
2026-04-19 14:51:56,907 | INFO | fomc_fetcher |   [386/431] statement 2018-05-02 ...
2026-04-19 14:51:59,324 | INFO | fomc_fetcher |   [387/431] minutes 2018-05-02 ...
2026-04-19 14:52:02,040 | INFO | fomc_fetcher |   [388/431] statement 2018-06-13 ...
2026-04-19 14:52:04,386 | INFO | fomc_fetcher |   [389/431] minutes 2018-06-13 ...
2026-04-19 14:52:06,907 | INFO | fomc_fetcher |   [390/431] statement 2018-08-01 ...
2026-04-19 14:52:09,573 | INFO | fomc_fetcher |   [391/431] minutes 2018-08-01 ...
2026-04-19 14:52:12,728 | INFO | fomc_fetcher |   [392/431] statement 2018-09-26 ...
2026-04-19 14:52:15,254 | INFO | fomc_fetcher |   [393/431] minutes 2018-09-26 ...
2026-04-19 14:52:17,699 | INFO | fomc_fetcher |   [394/431] statement 2018-11-08 ...
2026-04-19 14:52:20,350 | INFO | fomc_fetcher |   [395/431] minutes 2018-11-08 ...
2026-04-19 14:52:22,797 | INFO | fomc_fetcher |   [396/431] statement 2018-12-19 ...
2026-04-19 14:52:25,920 | INFO | fomc_fetcher |   [397/431] minutes 2018-12-19 ...
2026-04-19 14:52:28,347 | INFO | fomc_fetcher |   [398/431] statement 2019-01-30 ...
2026-04-19 14:52:30,860 | INFO | fomc_fetcher |   [399/431] minutes 2019-01-30 ...
2026-04-19 14:52:33,245 | INFO | fomc_fetcher |   [400/431] statement 2019-03-20 ...
2026-04-19 14:52:35,625 | INFO | fomc_fetcher |   [401/431] minutes 2019-03-20 ...
2026-04-19 14:52:38,051 | INFO | fomc_fetcher |   [402/431] statement 2019-05-01 ...
2026-04-19 14:52:40,720 | INFO | fomc_fetcher |   [403/431] minutes 2019-05-01 ...
2026-04-19 14:52:43,096 | INFO | fomc_fetcher |   [404/431] statement 2019-06-19 ...
2026-04-19 14:52:45,574 | INFO | fomc_fetcher |   [405/431] minutes 2019-06-19 ...
2026-04-19 14:52:48,642 | INFO | fomc_fetcher |   [406/431] statement 2019-07-31 ...
2026-04-19 14:52:51,101 | INFO | fomc_fetcher |   [407/431] minutes 2019-07-31 ...
2026-04-19 14:52:53,973 | INFO | fomc_fetcher |   [408/431] statement 2019-09-18 ...
2026-04-19 14:52:56,755 | INFO | fomc_fetcher |   [409/431] minutes 2019-09-18 ...
2026-04-19 14:52:59,214 | INFO | fomc_fetcher |   [410/431] statement 2019-10-30 ...
2026-04-19 14:53:01,730 | INFO | fomc_fetcher |   [411/431] minutes 2019-10-30 ...
2026-04-19 14:53:04,305 | INFO | fomc_fetcher |   [412/431] statement 2019-12-11 ...
2026-04-19 14:53:07,139 | INFO | fomc_fetcher |   [413/431] minutes 2019-12-11 ...
2026-04-19 14:53:09,724 | INFO | fomc_fetcher |   [414/431] statement 2020-01-29 ...
2026-04-19 14:53:12,339 | INFO | fomc_fetcher |   [415/431] minutes 2020-01-29 ...
2026-04-19 14:53:15,060 | INFO | fomc_fetcher |   [416/431] statement 2020-03-03 ...
2026-04-19 14:53:17,741 | INFO | fomc_fetcher |   [417/431] minutes 2020-03-03 ...
2026-04-19 14:53:20,414 | ERROR | fomc_fetcher |   Failed fomc_minutes_20200303: 404 Client Error: Not Found for url: https://www.federalreserve.gov/monetarypolicy/fomcminutes20200303.htm
2026-04-19 14:53:20,415 | INFO | fomc_fetcher |   [418/431] statement 2020-03-15 ...
2026-04-19 14:53:23,374 | INFO | fomc_fetcher |   [419/431] minutes 2020-03-15 ...
2026-04-19 14:53:26,151 | INFO | fomc_fetcher |   [420/431] statement 2020-04-29 ...
2026-04-19 14:53:28,446 | INFO | fomc_fetcher |   [421/431] minutes 2020-04-29 ...
2026-04-19 14:53:31,646 | INFO | fomc_fetcher |   [422/431] statement 2020-06-10 ...
2026-04-19 14:53:34,744 | INFO | fomc_fetcher |   [423/431] minutes 2020-06-10 ...
2026-04-19 14:53:37,268 | INFO | fomc_fetcher |   [424/431] statement 2020-07-29 ...
2026-04-19 14:53:39,641 | INFO | fomc_fetcher |   [425/431] minutes 2020-07-29 ...
2026-04-19 14:53:42,143 | INFO | fomc_fetcher |   [426/431] statement 2020-09-16 ...
2026-04-19 14:53:44,702 | INFO | fomc_fetcher |   [427/431] minutes 2020-09-16 ...
2026-04-19 14:53:47,250 | INFO | fomc_fetcher |   [428/431] statement 2020-11-05 ...
2026-04-19 14:53:49,955 | INFO | fomc_fetcher |   [429/431] minutes 2020-11-05 ...
2026-04-19 14:53:52,583 | INFO | fomc_fetcher |   [430/431] statement 2020-12-16 ...
2026-04-19 14:53:54,848 | INFO | fomc_fetcher |   [431/431] minutes 2020-12-16 ...
2026-04-19 14:53:57,448 | INFO | fomc_fetcher | FOMC done — 311 documents at data/raw/fomc/2026-04-19_fomc_documents.parquet
