2026-04-11 14:19:32,525 | INFO | run_all | ============================================================
2026-04-11 14:19:32,526 | INFO | run_all | I-FWM Gold Bronze Layer — Data Fetch Run
2026-04-11 14:19:32,526 | INFO | run_all |   Date range : 2000-01-01 → 2026-04-11
2026-04-11 14:19:32,526 | INFO | run_all |   Fetchers   : fred, yfinance, lbma, fomc, fed_speeches, gdelt
2026-04-11 14:19:32,526 | INFO | run_all | ============================================================
2026-04-11 14:19:32,526 | INFO | run_all | 
──────────────────────────────────────────────────
2026-04-11 14:19:32,526 | INFO | run_all | Running: fred — FRED macro series
2026-04-11 14:19:38,772 | INFO | run_all |   Done in 6.2s — 40,754 rows
2026-04-11 14:19:38,772 | INFO | run_all | 
──────────────────────────────────────────────────
2026-04-11 14:19:38,772 | INFO | run_all | Running: yfinance — ETF prices + COMEX futures curve
2026-04-11 14:19:46,232 | ERROR | run_all |   FAILED after 7.5s: 'tuple' object has no attribute 'empty'
2026-04-11 14:19:46,234 | INFO | run_all | 
──────────────────────────────────────────────────
2026-04-11 14:19:46,234 | INFO | run_all | Running: lbma — LBMA gold price fix
2026-04-11 14:19:46,870 | INFO | run_all |   Done in 0.6s — 315 rows
2026-04-11 14:19:46,870 | INFO | run_all | 
──────────────────────────────────────────────────
2026-04-11 14:19:46,870 | INFO | run_all | Running: fomc — FOMC statements + minutes
2026-04-11 14:19:48,609 | INFO | run_all |   Done in 1.7s — 0 rows
2026-04-11 14:19:48,609 | INFO | run_all | 
──────────────────────────────────────────────────
2026-04-11 14:19:48,609 | INFO | run_all | Running: fed_speeches — Fed governor speeches
2026-04-11 14:19:50,273 | INFO | run_all |   Done in 1.7s — 0 rows
2026-04-11 14:19:50,273 | INFO | run_all | 
──────────────────────────────────────────────────
2026-04-11 14:19:50,273 | INFO | run_all | Running: gdelt — GDELT gold headlines
2026-04-11 14:37:33,251 | INFO | run_all | ============================================================
2026-04-11 14:37:33,252 | INFO | run_all | I-FWM Gold Bronze Layer — Data Fetch Run
2026-04-11 14:37:33,252 | INFO | run_all |   Date range : 2000-01-01 → 2026-04-11
2026-04-11 14:37:33,252 | INFO | run_all |   Fetchers   : gdelt
2026-04-11 14:37:33,252 | INFO | run_all | ============================================================
2026-04-11 14:37:33,252 | INFO | run_all | 
──────────────────────────────────────────────────
2026-04-11 14:37:33,252 | INFO | run_all | Running: gdelt — GDELT gold headlines
2026-04-11 14:40:25,771 | INFO | run_all |   Done in 172.5s — 0 rows
2026-04-11 14:40:25,772 | INFO | run_all | 
============================================================
2026-04-11 14:40:25,772 | INFO | run_all | SUMMARY
2026-04-11 14:40:25,772 | INFO | run_all | ============================================================
2026-04-11 14:40:25,772 | INFO | run_all | Fetcher            Status         Rows  Detail
2026-04-11 14:40:25,772 | INFO | run_all | ────────────────── ──────── ──────────  ──────────────────────────────
2026-04-11 14:40:25,772 | INFO | run_all | gdelt              OK                —  172.5s
2026-04-11 14:40:25,772 | INFO | run_all | 
  1 succeeded, 0 failed — total time 172.5s
2026-04-11 14:40:29,101 | INFO | run_all | ============================================================
2026-04-11 14:40:29,101 | INFO | run_all | I-FWM Gold Bronze Layer — Data Fetch Run
2026-04-11 14:40:29,101 | INFO | run_all |   Date range : 2015-01-01 → 2026-04-11
2026-04-11 14:40:29,101 | INFO | run_all |   Fetchers   : gdelt
2026-04-11 14:40:29,101 | INFO | run_all | ============================================================
2026-04-11 14:40:29,101 | INFO | run_all | 
──────────────────────────────────────────────────
2026-04-11 14:40:29,101 | INFO | run_all | Running: gdelt — GDELT gold headlines
2026-04-11 14:47:07,236 | INFO | run_all |   Done in 398.1s — 0 rows
2026-04-11 14:47:07,236 | INFO | run_all | 
============================================================
2026-04-11 14:47:07,237 | INFO | run_all | SUMMARY
2026-04-11 14:47:07,237 | INFO | run_all | ============================================================
2026-04-11 14:47:07,237 | INFO | run_all | Fetcher            Status         Rows  Detail
2026-04-11 14:47:07,237 | INFO | run_all | ────────────────── ──────── ──────────  ──────────────────────────────
2026-04-11 14:47:07,237 | INFO | run_all | gdelt              OK                —  398.1s
2026-04-11 14:47:07,237 | INFO | run_all | 
  1 succeeded, 0 failed — total time 398.1s
2026-04-11 14:57:17,863 | INFO | run_all | ============================================================
2026-04-11 14:57:17,864 | INFO | run_all | I-FWM Gold Bronze Layer — Data Fetch Run
2026-04-11 14:57:17,864 | INFO | run_all |   Date range : 2000-01-01 → 2026-04-11
2026-04-11 14:57:17,864 | INFO | run_all |   Fetchers   : lbma
2026-04-11 14:57:17,864 | INFO | run_all | ============================================================
2026-04-11 14:57:17,864 | INFO | run_all | 
──────────────────────────────────────────────────
2026-04-11 14:57:17,864 | INFO | run_all | Running: lbma — LBMA gold price fix
2026-04-11 14:57:18,662 | ERROR | run_all |   FAILED after 0.8s: Could not fetch LBMA data from any source.
2026-04-11 14:57:18,665 | INFO | run_all | 
============================================================
2026-04-11 14:57:18,665 | INFO | run_all | SUMMARY
2026-04-11 14:57:18,665 | INFO | run_all | ============================================================
2026-04-11 14:57:18,665 | INFO | run_all | Fetcher            Status         Rows  Detail
2026-04-11 14:57:18,665 | INFO | run_all | ────────────────── ──────── ──────────  ──────────────────────────────
2026-04-11 14:57:18,665 | INFO | run_all | lbma               FAILED            —  Could not fetch LBMA data from any source.
2026-04-11 14:57:18,665 | INFO | run_all | 
  0 succeeded, 1 failed — total time 0.8s
2026-04-11 14:58:52,698 | INFO | run_all | ============================================================
2026-04-11 14:58:52,698 | INFO | run_all | I-FWM Gold Bronze Layer — Data Fetch Run
2026-04-11 14:58:52,698 | INFO | run_all |   Date range : 2000-01-01 → 2026-04-11
2026-04-11 14:58:52,698 | INFO | run_all |   Fetchers   : lbma
2026-04-11 14:58:52,698 | INFO | run_all | ============================================================
2026-04-11 14:58:52,698 | INFO | run_all | 
──────────────────────────────────────────────────
2026-04-11 14:58:52,698 | INFO | run_all | Running: lbma — LBMA gold price fix
2026-04-11 14:58:53,146 | ERROR | run_all |   FAILED after 0.4s: Could not fetch any LBMA series from FRED.
2026-04-11 14:58:53,146 | INFO | run_all | 
============================================================
2026-04-11 14:58:53,146 | INFO | run_all | SUMMARY
2026-04-11 14:58:53,147 | INFO | run_all | ============================================================
2026-04-11 14:58:53,147 | INFO | run_all | Fetcher            Status         Rows  Detail
2026-04-11 14:58:53,147 | INFO | run_all | ────────────────── ──────── ──────────  ──────────────────────────────
2026-04-11 14:58:53,147 | INFO | run_all | lbma               FAILED            —  Could not fetch any LBMA series from FRED.
2026-04-11 14:58:53,147 | INFO | run_all | 
  0 succeeded, 1 failed — total time 0.4s
2026-04-11 15:01:17,660 | INFO | run_all | ============================================================
2026-04-11 15:01:17,660 | INFO | run_all | I-FWM Gold Bronze Layer — Data Fetch Run
2026-04-11 15:01:17,660 | INFO | run_all |   Date range : 2000-01-01 → 2026-04-11
2026-04-11 15:01:17,660 | INFO | run_all |   Fetchers   : lbma
2026-04-11 15:01:17,660 | INFO | run_all | ============================================================
2026-04-11 15:01:17,660 | INFO | run_all | 
──────────────────────────────────────────────────
2026-04-11 15:01:17,660 | INFO | run_all | Running: lbma — LBMA gold price fix
2026-04-11 15:02:18,053 | ERROR | run_all |   FAILED after 60.4s: Could not fetch any LBMA series.
2026-04-11 15:02:18,053 | INFO | run_all | 
============================================================
2026-04-11 15:02:18,053 | INFO | run_all | SUMMARY
2026-04-11 15:02:18,053 | INFO | run_all | ============================================================
2026-04-11 15:02:18,054 | INFO | run_all | Fetcher            Status         Rows  Detail
2026-04-11 15:02:18,054 | INFO | run_all | ────────────────── ──────── ──────────  ──────────────────────────────
2026-04-11 15:02:18,054 | INFO | run_all | lbma               FAILED            —  Could not fetch any LBMA series.
2026-04-11 15:02:18,054 | INFO | run_all | 
  0 succeeded, 1 failed — total time 60.4s
2026-04-11 15:03:38,599 | INFO | run_all | ============================================================
2026-04-11 15:03:38,600 | INFO | run_all | I-FWM Gold Bronze Layer — Data Fetch Run
2026-04-11 15:03:38,600 | INFO | run_all |   Date range : 2000-01-01 → 2026-04-11
2026-04-11 15:03:38,600 | INFO | run_all |   Fetchers   : lbma
2026-04-11 15:03:38,600 | INFO | run_all | ============================================================
2026-04-11 15:03:38,600 | INFO | run_all | 
──────────────────────────────────────────────────
2026-04-11 15:03:38,600 | INFO | run_all | Running: lbma — LBMA gold price fix
2026-04-11 15:03:38,793 | INFO | run_all |   Done in 0.2s — 6,426 rows
2026-04-11 15:03:38,793 | INFO | run_all | 
============================================================
2026-04-11 15:03:38,793 | INFO | run_all | SUMMARY
2026-04-11 15:03:38,793 | INFO | run_all | ============================================================
2026-04-11 15:03:38,793 | INFO | run_all | Fetcher            Status         Rows  Detail
2026-04-11 15:03:38,793 | INFO | run_all | ────────────────── ──────── ──────────  ──────────────────────────────
2026-04-11 15:03:38,793 | INFO | run_all | lbma               OK            6,426  0.2s
2026-04-11 15:03:38,794 | INFO | run_all | 
  1 succeeded, 0 failed — total time 0.2s
2026-04-12 21:05:33,492 | INFO | run_all | ============================================================
2026-04-12 21:05:33,492 | INFO | run_all | I-FWM Gold Bronze Layer — Data Fetch Run
2026-04-12 21:05:33,492 | INFO | run_all |   Date range : 2000-01-01 → 2026-04-12
2026-04-12 21:05:33,492 | INFO | run_all |   Fetchers   : fomc, fed_speeches
2026-04-12 21:05:33,492 | INFO | run_all | ============================================================
2026-04-12 21:05:33,492 | INFO | run_all | 
──────────────────────────────────────────────────
2026-04-12 21:05:33,492 | INFO | run_all | Running: fomc — FOMC statements + minutes
2026-04-12 21:05:35,496 | INFO | run_all |   Done in 2.0s — 0 rows
2026-04-12 21:05:35,496 | INFO | run_all | 
──────────────────────────────────────────────────
2026-04-12 21:05:35,496 | INFO | run_all | Running: fed_speeches — Fed governor speeches
2026-04-12 21:05:37,162 | INFO | run_all |   Done in 1.7s — 0 rows
2026-04-12 21:05:37,162 | INFO | run_all | 
============================================================
2026-04-12 21:05:37,162 | INFO | run_all | SUMMARY
2026-04-12 21:05:37,163 | INFO | run_all | ============================================================
2026-04-12 21:05:37,163 | INFO | run_all | Fetcher            Status         Rows  Detail
2026-04-12 21:05:37,163 | INFO | run_all | ────────────────── ──────── ──────────  ──────────────────────────────
2026-04-12 21:05:37,163 | INFO | run_all | fomc               OK                —  2.0s
2026-04-12 21:05:37,163 | INFO | run_all | fed_speeches       OK                —  1.7s
2026-04-12 21:05:37,163 | INFO | run_all | 
  2 succeeded, 0 failed — total time 3.7s
2026-04-12 21:10:49,100 | INFO | run_all | ============================================================
2026-04-12 21:10:49,101 | INFO | run_all | I-FWM Gold Bronze Layer — Data Fetch Run
2026-04-12 21:10:49,101 | INFO | run_all |   Date range : 2000-01-01 → 2026-04-12
2026-04-12 21:10:49,101 | INFO | run_all |   Fetchers   : fomc, fed_speeches
2026-04-12 21:10:49,101 | INFO | run_all | ============================================================
2026-04-12 21:10:49,101 | INFO | run_all | 
──────────────────────────────────────────────────
2026-04-12 21:10:49,101 | INFO | run_all | Running: fomc — FOMC statements + minutes
2026-04-12 21:14:00,853 | INFO | run_all |   Done in 191.8s — 85 rows
2026-04-12 21:14:00,854 | INFO | run_all | 
──────────────────────────────────────────────────
2026-04-12 21:14:00,854 | INFO | run_all | Running: fed_speeches — Fed governor speeches
2026-04-12 21:43:04,033 | INFO | run_all |   Done in 1743.2s — 978 rows
2026-04-12 21:43:04,033 | INFO | run_all | 
============================================================
2026-04-12 21:43:04,033 | INFO | run_all | SUMMARY
2026-04-12 21:43:04,033 | INFO | run_all | ============================================================
2026-04-12 21:43:04,033 | INFO | run_all | Fetcher            Status         Rows  Detail
2026-04-12 21:43:04,033 | INFO | run_all | ────────────────── ──────── ──────────  ──────────────────────────────
2026-04-12 21:43:04,033 | INFO | run_all | fomc               OK               85  191.8s
2026-04-12 21:43:04,033 | INFO | run_all | fed_speeches       OK              978  1743.2s
2026-04-12 21:43:04,033 | INFO | run_all | 
  2 succeeded, 0 failed — total time 1934.9s
2026-04-12 21:53:41,307 | INFO | run_all | ============================================================
2026-04-12 21:53:41,307 | INFO | run_all | I-FWM Gold Bronze Layer — Data Fetch Run
2026-04-12 21:53:41,307 | INFO | run_all |   Date range : 2000-01-01 → 2016-12-31
2026-04-12 21:53:41,307 | INFO | run_all |   Fetchers   : fed_speeches
2026-04-12 21:53:41,307 | INFO | run_all | ============================================================
2026-04-12 21:53:41,307 | INFO | run_all | 
──────────────────────────────────────────────────
2026-04-12 21:53:41,307 | INFO | run_all | Running: fed_speeches — Fed governor speeches
2026-04-12 22:12:07,588 | INFO | run_all |   Done in 1106.3s — 611 rows
2026-04-12 22:12:07,590 | INFO | run_all | 
============================================================
2026-04-12 22:12:07,590 | INFO | run_all | SUMMARY
2026-04-12 22:12:07,590 | INFO | run_all | ============================================================
2026-04-12 22:12:07,590 | INFO | run_all | Fetcher            Status         Rows  Detail
2026-04-12 22:12:07,590 | INFO | run_all | ────────────────── ──────── ──────────  ──────────────────────────────
2026-04-12 22:12:07,590 | INFO | run_all | fed_speeches       OK              611  1106.3s
2026-04-12 22:12:07,590 | INFO | run_all | 
  1 succeeded, 0 failed — total time 1106.3s
2026-04-12 22:19:35,207 | INFO | run_all | ============================================================
2026-04-12 22:19:35,208 | INFO | run_all | I-FWM Gold Bronze Layer — Data Fetch Run
2026-04-12 22:19:35,208 | INFO | run_all |   Date range : 2000-01-01 → 2026-04-12
2026-04-12 22:19:35,208 | INFO | run_all |   Fetchers   : macro_text
2026-04-12 22:19:35,208 | INFO | run_all | ============================================================
2026-04-12 22:19:35,208 | INFO | run_all | 
──────────────────────────────────────────────────
2026-04-12 22:19:35,208 | INFO | run_all | Running: macro_text — BLS CPI/PPI + Treasury + Beige Book
2026-04-12 22:19:42,347 | INFO | run_all |   Done in 7.1s — 0 rows
2026-04-12 22:19:42,347 | INFO | run_all | 
============================================================
2026-04-12 22:19:42,347 | INFO | run_all | SUMMARY
2026-04-12 22:19:42,347 | INFO | run_all | ============================================================
2026-04-12 22:19:42,347 | INFO | run_all | Fetcher            Status         Rows  Detail
2026-04-12 22:19:42,347 | INFO | run_all | ────────────────── ──────── ──────────  ──────────────────────────────
2026-04-12 22:19:42,347 | INFO | run_all | macro_text         OK                —  7.1s
2026-04-12 22:19:42,347 | INFO | run_all | 
  1 succeeded, 0 failed — total time 7.1s
2026-04-12 22:22:39,872 | INFO | run_all | ============================================================
2026-04-12 22:22:39,872 | INFO | run_all | I-FWM Gold Bronze Layer — Data Fetch Run
2026-04-12 22:22:39,872 | INFO | run_all |   Date range : 2000-01-01 → 2026-04-12
2026-04-12 22:22:39,873 | INFO | run_all |   Fetchers   : macro_text
2026-04-12 22:22:39,873 | INFO | run_all | ============================================================
2026-04-12 22:22:39,873 | INFO | run_all | 
──────────────────────────────────────────────────
2026-04-12 22:22:39,873 | INFO | run_all | Running: macro_text — BLS CPI/PPI + Treasury + Beige Book
2026-04-12 22:28:22,718 | INFO | run_all | ============================================================
2026-04-12 22:28:22,718 | INFO | run_all | I-FWM Gold Bronze Layer — Data Fetch Run
2026-04-12 22:28:22,718 | INFO | run_all |   Date range : 2020-01-01 → 2023-12-31
2026-04-12 22:28:22,718 | INFO | run_all |   Fetchers   : macro_text
2026-04-12 22:28:22,718 | INFO | run_all | ============================================================
2026-04-12 22:28:22,718 | INFO | run_all | 
──────────────────────────────────────────────────
2026-04-12 22:28:22,718 | INFO | run_all | Running: macro_text — BLS CPI/PPI + Treasury + Beige Book
2026-04-12 22:35:42,734 | INFO | run_all | ============================================================
2026-04-12 22:35:42,734 | INFO | run_all | I-FWM Gold Bronze Layer — Data Fetch Run
2026-04-12 22:35:42,734 | INFO | run_all |   Date range : 2000-01-01 → 2026-04-12
2026-04-12 22:35:42,734 | INFO | run_all |   Fetchers   : macro_text
2026-04-12 22:35:42,734 | INFO | run_all | ============================================================
2026-04-12 22:35:42,734 | INFO | run_all | 
──────────────────────────────────────────────────
2026-04-12 22:35:42,734 | INFO | run_all | Running: macro_text — BLS CPI/PPI + Treasury + Beige Book
2026-04-12 22:44:59,792 | INFO | run_all | ============================================================
2026-04-12 22:44:59,793 | INFO | run_all | I-FWM Gold Bronze Layer — Data Fetch Run
2026-04-12 22:44:59,793 | INFO | run_all |   Date range : 2000-01-01 → 2026-04-12
2026-04-12 22:44:59,793 | INFO | run_all |   Fetchers   : macro_text
2026-04-12 22:44:59,793 | INFO | run_all | ============================================================
2026-04-12 22:44:59,793 | INFO | run_all | 
──────────────────────────────────────────────────
2026-04-12 22:44:59,793 | INFO | run_all | Running: macro_text — BLS CPI/PPI + Treasury + Beige Book
2026-04-12 22:51:18,309 | INFO | run_all |   Done in 378.5s — 52 rows
2026-04-12 22:51:18,309 | INFO | run_all | 
============================================================
2026-04-12 22:51:18,309 | INFO | run_all | SUMMARY
2026-04-12 22:51:18,310 | INFO | run_all | ============================================================
2026-04-12 22:51:18,310 | INFO | run_all | Fetcher            Status         Rows  Detail
2026-04-12 22:51:18,310 | INFO | run_all | ────────────────── ──────── ──────────  ──────────────────────────────
2026-04-12 22:51:18,310 | INFO | run_all | macro_text         OK               52  378.5s
2026-04-12 22:51:18,310 | INFO | run_all | 
  1 succeeded, 0 failed — total time 378.5s
2026-04-12 22:54:16,792 | INFO | run_all | ============================================================
2026-04-12 22:54:16,793 | INFO | run_all | I-FWM Gold Bronze Layer — Data Fetch Run
2026-04-12 22:54:16,793 | INFO | run_all |   Date range : 2000-01-01 → 2026-04-12
2026-04-12 22:54:16,793 | INFO | run_all |   Fetchers   : macro_text
2026-04-12 22:54:16,793 | INFO | run_all | ============================================================
2026-04-12 22:54:16,793 | INFO | run_all | 
──────────────────────────────────────────────────
2026-04-12 22:54:16,793 | INFO | run_all | Running: macro_text — BLS CPI/PPI + Treasury + Beige Book
2026-04-12 22:55:36,107 | INFO | run_all |   Done in 79.3s — 41 rows
2026-04-12 22:55:36,108 | INFO | run_all | 
============================================================
2026-04-12 22:55:36,108 | INFO | run_all | SUMMARY
2026-04-12 22:55:36,108 | INFO | run_all | ============================================================
2026-04-12 22:55:36,108 | INFO | run_all | Fetcher            Status         Rows  Detail
2026-04-12 22:55:36,108 | INFO | run_all | ────────────────── ──────── ──────────  ──────────────────────────────
2026-04-12 22:55:36,108 | INFO | run_all | macro_text         OK               41  79.3s
2026-04-12 22:55:36,108 | INFO | run_all | 
  1 succeeded, 0 failed — total time 79.3s
2026-04-19 12:50:37,131 | INFO | run_all | ============================================================
2026-04-19 12:50:37,131 | INFO | run_all | I-FWM Gold Bronze Layer — Data Fetch Run
2026-04-19 12:50:37,131 | INFO | run_all |   Date range : 2017-01-01 → 2026-04-19
2026-04-19 12:50:37,131 | INFO | run_all |   Fetchers   : fed_speeches
2026-04-19 12:50:37,131 | INFO | run_all | ============================================================
2026-04-19 12:50:37,131 | INFO | run_all | 
──────────────────────────────────────────────────
2026-04-19 12:50:37,131 | INFO | run_all | Running: fed_speeches — Fed governor speeches
2026-04-19 13:17:49,837 | INFO | run_all |   Done in 1632.7s — 700 rows
2026-04-19 13:17:49,837 | INFO | run_all | 
============================================================
2026-04-19 13:17:49,837 | INFO | run_all | SUMMARY
2026-04-19 13:17:49,837 | INFO | run_all | ============================================================
2026-04-19 13:17:49,837 | INFO | run_all | Fetcher            Status         Rows  Detail
2026-04-19 13:17:49,837 | INFO | run_all | ────────────────── ──────── ──────────  ──────────────────────────────
2026-04-19 13:17:49,838 | INFO | run_all | fed_speeches       OK              700  1632.7s
2026-04-19 13:17:49,838 | INFO | run_all | 
  1 succeeded, 0 failed — total time 1632.7s
2026-04-19 14:23:46,181 | INFO | run_all | ============================================================
2026-04-19 14:23:46,181 | INFO | run_all | I-FWM Gold Bronze Layer — Data Fetch Run
2026-04-19 14:23:46,181 | INFO | run_all |   Date range : 2000-01-01 → 2026-04-19
2026-04-19 14:23:46,181 | INFO | run_all |   Fetchers   : fomc
2026-04-19 14:23:46,181 | INFO | run_all | ============================================================
2026-04-19 14:23:46,181 | INFO | run_all | 
──────────────────────────────────────────────────
2026-04-19 14:23:46,181 | INFO | run_all | Running: fomc — FOMC statements + minutes
2026-04-19 14:23:46,435 | ERROR | run_all |   FAILED after 0.3s: name '_discover_links' is not defined
2026-04-19 14:23:46,435 | INFO | run_all | 
============================================================
2026-04-19 14:23:46,435 | INFO | run_all | SUMMARY
2026-04-19 14:23:46,435 | INFO | run_all | ============================================================
2026-04-19 14:23:46,435 | INFO | run_all | Fetcher            Status         Rows  Detail
2026-04-19 14:23:46,435 | INFO | run_all | ────────────────── ──────── ──────────  ──────────────────────────────
2026-04-19 14:23:46,435 | INFO | run_all | fomc               FAILED            —  name '_discover_links' is not defined
2026-04-19 14:23:46,435 | INFO | run_all | 
  0 succeeded, 1 failed — total time 0.3s
2026-04-19 14:26:19,076 | INFO | run_all | ============================================================
2026-04-19 14:26:19,076 | INFO | run_all | I-FWM Gold Bronze Layer — Data Fetch Run
2026-04-19 14:26:19,076 | INFO | run_all |   Date range : 2000-01-01 → 2026-04-19
2026-04-19 14:26:19,076 | INFO | run_all |   Fetchers   : fomc
2026-04-19 14:26:19,076 | INFO | run_all | ============================================================
2026-04-19 14:26:19,076 | INFO | run_all | 
──────────────────────────────────────────────────
2026-04-19 14:26:19,076 | INFO | run_all | Running: fomc — FOMC statements + minutes
2026-04-19 14:29:46,111 | INFO | run_all | ============================================================
2026-04-19 14:29:46,112 | INFO | run_all | I-FWM Gold Bronze Layer — Data Fetch Run
2026-04-19 14:29:46,112 | INFO | run_all |   Date range : 2000-01-01 → 2026-04-19
2026-04-19 14:29:46,112 | INFO | run_all |   Fetchers   : fomc
2026-04-19 14:29:46,112 | INFO | run_all | ============================================================
2026-04-19 14:29:46,112 | INFO | run_all | 
──────────────────────────────────────────────────
2026-04-19 14:29:46,112 | INFO | run_all | Running: fomc — FOMC statements + minutes
2026-04-19 14:53:57,448 | INFO | run_all |   Done in 1451.3s — 311 rows
2026-04-19 14:53:57,450 | INFO | run_all | 
============================================================
2026-04-19 14:53:57,450 | INFO | run_all | SUMMARY
2026-04-19 14:53:57,450 | INFO | run_all | ============================================================
2026-04-19 14:53:57,450 | INFO | run_all | Fetcher            Status         Rows  Detail
2026-04-19 14:53:57,450 | INFO | run_all | ────────────────── ──────── ──────────  ──────────────────────────────
2026-04-19 14:53:57,450 | INFO | run_all | fomc               OK              311  1451.3s
2026-04-19 14:53:57,450 | INFO | run_all | 
  1 succeeded, 0 failed — total time 1451.3s
2026-04-19 15:32:38,219 | INFO | run_all | ============================================================
2026-04-19 15:32:38,220 | INFO | run_all | I-FWM Gold Bronze Layer — Data Fetch Run
2026-04-19 15:32:38,220 | INFO | run_all |   Date range : 2000-01-01 → 2026-04-19
2026-04-19 15:32:38,220 | INFO | run_all |   Fetchers   : cftc_cot
2026-04-19 15:32:38,220 | INFO | run_all | ============================================================
2026-04-19 15:32:38,220 | INFO | run_all | 
──────────────────────────────────────────────────
2026-04-19 15:32:38,220 | INFO | run_all | Running: cftc_cot — CFTC COT gold positioning
2026-04-19 15:33:51,366 | INFO | run_all |   Done in 73.1s — 693 rows
2026-04-19 15:33:51,367 | INFO | run_all | 
============================================================
2026-04-19 15:33:51,367 | INFO | run_all | SUMMARY
2026-04-19 15:33:51,367 | INFO | run_all | ============================================================
2026-04-19 15:33:51,367 | INFO | run_all | Fetcher            Status         Rows  Detail
2026-04-19 15:33:51,367 | INFO | run_all | ────────────────── ──────── ──────────  ──────────────────────────────
2026-04-19 15:33:51,367 | INFO | run_all | cftc_cot           OK              693  73.1s
2026-04-19 15:33:51,367 | INFO | run_all | 
  1 succeeded, 0 failed — total time 73.1s
2026-04-19 15:34:06,050 | INFO | run_all | ============================================================
2026-04-19 15:34:06,051 | INFO | run_all | I-FWM Gold Bronze Layer — Data Fetch Run
2026-04-19 15:34:06,051 | INFO | run_all |   Date range : 2000-01-01 → 2026-04-19
2026-04-19 15:34:06,051 | INFO | run_all |   Fetchers   : etf_flows
2026-04-19 15:34:06,051 | INFO | run_all | ============================================================
2026-04-19 15:34:06,051 | INFO | run_all | 
──────────────────────────────────────────────────
2026-04-19 15:34:06,051 | INFO | run_all | Running: etf_flows — GLD/IAU shares outstanding + AUM
2026-04-19 15:34:09,439 | INFO | run_all |   Done in 3.4s — 10,714 rows
2026-04-19 15:34:09,439 | INFO | run_all | 
============================================================
2026-04-19 15:34:09,439 | INFO | run_all | SUMMARY
2026-04-19 15:34:09,439 | INFO | run_all | ============================================================
2026-04-19 15:34:09,439 | INFO | run_all | Fetcher            Status         Rows  Detail
2026-04-19 15:34:09,439 | INFO | run_all | ────────────────── ──────── ──────────  ──────────────────────────────
2026-04-19 15:34:09,439 | INFO | run_all | etf_flows          OK           10,714  3.4s
2026-04-19 15:34:09,439 | INFO | run_all | 
  1 succeeded, 0 failed — total time 3.4s
2026-04-19 15:34:20,152 | INFO | run_all | ============================================================
2026-04-19 15:34:20,152 | INFO | run_all | I-FWM Gold Bronze Layer — Data Fetch Run
2026-04-19 15:34:20,152 | INFO | run_all |   Date range : 2000-01-01 → 2026-04-19
2026-04-19 15:34:20,152 | INFO | run_all |   Fetchers   : comex_inv
2026-04-19 15:34:20,152 | INFO | run_all | ============================================================
2026-04-19 15:34:20,152 | INFO | run_all | 
──────────────────────────────────────────────────
2026-04-19 15:34:20,152 | INFO | run_all | Running: comex_inv — COMEX gold registered/eligible inventory
2026-04-19 15:34:56,576 | INFO | run_all |   Done in 36.4s — 6,431 rows
2026-04-19 15:34:56,576 | INFO | run_all | 
============================================================
2026-04-19 15:34:56,576 | INFO | run_all | SUMMARY
2026-04-19 15:34:56,576 | INFO | run_all | ============================================================
2026-04-19 15:34:56,576 | INFO | run_all | Fetcher            Status         Rows  Detail
2026-04-19 15:34:56,576 | INFO | run_all | ────────────────── ──────── ──────────  ──────────────────────────────
2026-04-19 15:34:56,576 | INFO | run_all | comex_inv          OK            6,431  36.4s
2026-04-19 15:34:56,576 | INFO | run_all | 
  1 succeeded, 0 failed — total time 36.4s
